Using pre-set license
Built from '2022.3/staging' branch; Version is '2022.3.17f1 (4fc78088f837) revision 5228416'; Using compiler version '192829333'; Build Type 'Release'
OS: 'Windows 11  (10.0.22631) 64bit Core' Language: 'en' Physical Memory: 32573 MB
BatchMode: 1, IsHumanControllingUs: 0, StartBugReporterOnCrash: 0, Is64bit: 1, IsPro: 1

COMMAND LINE ARGUMENTS:
C:\Program Files\Unity\Hub\Editor\2022.3.17f1\Editor\Unity.exe
-adb2
-batchMode
-noUpm
-name
AssetImportWorker10
-projectPath
C:/Users/oksan/Documents/Unity/Runner/RunnerGame
-logFile
Logs/AssetImportWorker10.log
-srvPort
61121
Successfully changed project path to: C:/Users/oksan/Documents/Unity/Runner/RunnerGame
C:/Users/oksan/Documents/Unity/Runner/RunnerGame
[UnityMemory] Configuration Parameters - Can be set up in boot.config
    "memorysetup-bucket-allocator-granularity=16"
    "memorysetup-bucket-allocator-bucket-count=8"
    "memorysetup-bucket-allocator-block-size=33554432"
    "memorysetup-bucket-allocator-block-count=8"
    "memorysetup-main-allocator-block-size=16777216"
    "memorysetup-thread-allocator-block-size=16777216"
    "memorysetup-gfx-main-allocator-block-size=16777216"
    "memorysetup-gfx-thread-allocator-block-size=16777216"
    "memorysetup-cache-allocator-block-size=4194304"
    "memorysetup-typetree-allocator-block-size=2097152"
    "memorysetup-profiler-bucket-allocator-granularity=16"
    "memorysetup-profiler-bucket-allocator-bucket-count=8"
    "memorysetup-profiler-bucket-allocator-block-size=33554432"
    "memorysetup-profiler-bucket-allocator-block-count=8"
    "memorysetup-profiler-allocator-block-size=16777216"
    "memorysetup-profiler-editor-allocator-block-size=1048576"
    "memorysetup-temp-allocator-size-main=16777216"
    "memorysetup-job-temp-allocator-block-size=2097152"
    "memorysetup-job-temp-allocator-block-size-background=1048576"
    "memorysetup-job-temp-allocator-reduction-small-platforms=262144"
    "memorysetup-allocator-temp-initial-block-size-main=262144"
    "memorysetup-allocator-temp-initial-block-size-worker=262144"
    "memorysetup-temp-allocator-size-background-worker=32768"
    "memorysetup-temp-allocator-size-job-worker=262144"
    "memorysetup-temp-allocator-size-preload-manager=33554432"
    "memorysetup-temp-allocator-size-nav-mesh-worker=65536"
    "memorysetup-temp-allocator-size-audio-worker=65536"
    "memorysetup-temp-allocator-size-cloud-worker=32768"
    "memorysetup-temp-allocator-size-gi-baking-worker=262144"
    "memorysetup-temp-allocator-size-gfx=262144"
Player connection [20104] Host "[IP] 192.168.4.31 [Port] 0 [Flags] 2 [Guid] 2839142579 [EditorId] 2839142579 [Version] 1048832 [Id] WindowsEditor(7,GameDev) [Debug] 1 [PackageName] WindowsEditor [ProjectName] Editor" joined multi-casting on [225.0.0.222:54997]...

Player connection [20104] Host "[IP] 192.168.4.31 [Port] 0 [Flags] 2 [Guid] 2839142579 [EditorId] 2839142579 [Version] 1048832 [Id] WindowsEditor(7,GameDev) [Debug] 1 [PackageName] WindowsEditor [ProjectName] Editor" joined alternative multi-casting on [225.0.0.222:34997]...

[Physics::Module] Initialized MultithreadedJobDispatcher with 15 workers.
YAML error in 'Assets/Scripts/Class 3 - Movement and Camera Control/CursorControl/Scripts/CursorControl.dll.meta' - Unexpected empty content or blank line when reading mapping.
YAML error in 'Assets/Scripts/Class 3 - Movement and Camera Control/CursorControl/Scripts/CursorControl.dll.meta' - Unexpected empty content or blank line when reading mapping.
Refreshing native plugins compatible for Editor in 16.25 ms, found 3 plugins.
Preloading 0 native plugins for Editor in 0.00 ms.
Initialize engine version: 2022.3.17f1 (4fc78088f837)
[Subsystems] Discovering subsystems at path C:/Program Files/Unity/Hub/Editor/2022.3.17f1/Editor/Data/Resources/UnitySubsystems
[Subsystems] Discovering subsystems at path C:/Users/oksan/Documents/Unity/Runner/RunnerGame/Assets
GfxDevice: creating device client; threaded=0; jobified=0
Direct3D:
    Version:  Direct3D 11.0 [level 11.1]
    Renderer: NVIDIA GeForce RTX 3080 (ID=0x2216)
    Vendor:   NVIDIA
    VRAM:     10067 MB
    Driver:   31.0.15.4584
Initialize mono
Mono path[0] = 'C:/Program Files/Unity/Hub/Editor/2022.3.17f1/Editor/Data/Managed'
Mono path[1] = 'C:/Program Files/Unity/Hub/Editor/2022.3.17f1/Editor/Data/MonoBleedingEdge/lib/mono/unityjit-win32'
Mono config path = 'C:/Program Files/Unity/Hub/Editor/2022.3.17f1/Editor/Data/MonoBleedingEdge/etc'
Using monoOptions --debugger-agent=transport=dt_socket,embedding=1,server=y,suspend=n,address=127.0.0.1:56456
Begin MonoManager ReloadAssembly
Registering precompiled unity dll's ...
Register platform support module: C:/Program Files/Unity/Hub/Editor/2022.3.17f1/Editor/Data/PlaybackEngines/WindowsStandaloneSupport/UnityEditor.WindowsStandalone.Extensions.dll
Registered in 0.006057 seconds.
- Loaded All Assemblies, in  0.362 seconds
Native extension for WindowsStandalone target not found
Mono: successfully reloaded assembly
- Finished resetting the current domain, in  0.221 seconds
Domain Reload Profiling: 581ms
	BeginReloadAssembly (127ms)
		ExecutionOrderSort (0ms)
		DisableScriptedObjects (0ms)
		BackupInstance (0ms)
		ReleaseScriptingObjects (0ms)
		CreateAndSetChildDomain (1ms)
	RebuildCommonClasses (31ms)
	RebuildNativeTypeToScriptingClass (8ms)
	initialDomainReloadingComplete (47ms)
	LoadAllAssembliesAndSetupDomain (147ms)
		LoadAssemblies (125ms)
		RebuildTransferFunctionScriptingTraits (0ms)
		AnalyzeDomain (145ms)
			TypeCache.Refresh (144ms)
				TypeCache.ScanAssembly (133ms)
			ScanForSourceGeneratedMonoScriptInfo (0ms)
			ResolveRequiredComponents (0ms)
	FinalizeReload (221ms)
		ReleaseScriptCaches (0ms)
		RebuildScriptCaches (0ms)
		SetupLoadedEditorAssemblies (176ms)
			LogAssemblyErrors (0ms)
			InitializePlatformSupportModulesInManaged (7ms)
			SetLoadedEditorAssemblies (6ms)
			RefreshPlugins (0ms)
			BeforeProcessingInitializeOnLoad (2ms)
			ProcessInitializeOnLoadAttributes (125ms)
			ProcessInitializeOnLoadMethodAttributes (37ms)
			AfterProcessingInitializeOnLoad (0ms)
			EditorAssembliesLoaded (0ms)
		ExecutionOrderSort2 (0ms)
		AwakeInstancesAfterBackupRestoration (0ms)
YAML error in 'Assets/Scripts/Class 3 - Movement and Camera Control/CursorControl/Scripts/CursorControl.dll.meta' - Unexpected empty content or blank line when reading mapping.
YAML error in 'Assets/Scripts/Class 3 - Movement and Camera Control/CursorControl/Scripts/CursorControl.dll.meta' - Unexpected empty content or blank line when reading mapping.
========================================================================
Worker process is ready to serve import requests
Begin MonoManager ReloadAssembly
YAML error in 'Assets/Scripts/Class 3 - Movement and Camera Control/CursorControl/Scripts/CursorControl.dll.meta' - Unexpected empty content or blank line when reading mapping.
YAML error in 'Assets/Scripts/Class 3 - Movement and Camera Control/CursorControl/Scripts/CursorControl.dll.meta' - Unexpected empty content or blank line when reading mapping.
YAML error in 'Assets/Scripts/Class 3 - Movement and Camera Control/CursorControl/Scripts/CursorControl.dll.meta' - Unexpected empty content or blank line when reading mapping.
UnityEngine.StackTraceUtility:ExtractStackTrace ()
UnityEditor.Scripting.ScriptCompilation.PrecompiledAssemblyProviderBase:GetAllPrecompiledAssembliesInternal ()
UnityEditor.Scripting.ScriptCompilation.PrecompiledAssemblyProvider:GetAllPrecompiledAssemblies ()
UnityEditor.AssemblyValidation:CheckAssemblyReferences (string[],UnityEditor.AssemblyValidation/Error[],Mono.Cecil.AssemblyDefinition[],System.Func`2<string, bool>)
UnityEditor.AssemblyValidation:ValidateAssemblyDefinitions (string[],Mono.Cecil.AssemblyDefinition[],System.Func`2<string, bool>)
UnityEditor.AssemblyValidation:ValidateAssemblies (string[],bool)

[C:\build\output\unity\unity\Runtime\Serialize\TransferFunctions\YAMLRead.h line 487]

YAML error in 'Assets/Scripts/Class 3 - Movement and Camera Control/CursorControl/Scripts/CursorControl.dll.meta' - Unexpected empty content or blank line when reading mapping.
UnityEngine.StackTraceUtility:ExtractStackTrace ()
UnityEditor.Scripting.ScriptCompilation.PrecompiledAssemblyProviderBase:GetAllPrecompiledAssembliesInternal ()
UnityEditor.Scripting.ScriptCompilation.PrecompiledAssemblyProvider:GetAllPrecompiledAssemblies ()
UnityEditor.AssemblyValidation:CheckAssemblyReferences (string[],UnityEditor.AssemblyValidation/Error[],Mono.Cecil.AssemblyDefinition[],System.Func`2<string, bool>)
UnityEditor.AssemblyValidation:ValidateAssemblyDefinitions (string[],Mono.Cecil.AssemblyDefinition[],System.Func`2<string, bool>)
UnityEditor.AssemblyValidation:ValidateAssemblies (string[],bool)

[C:\build\output\unity\unity\Runtime\Serialize\TransferFunctions\YAMLRead.h line 487]

Symbol file LoadedFromMemory is not a mono symbol file
- Loaded All Assemblies, in  0.701 seconds
YAML error in 'Assets/Scripts/Class 3 - Movement and Camera Control/CursorControl/Scripts/CursorControl.dll.meta' - Unexpected empty content or blank line when reading mapping.
YAML error in 'Assets/Scripts/Class 3 - Movement and Camera Control/CursorControl/Scripts/CursorControl.dll.meta' - Unexpected empty content or blank line when reading mapping.
Refreshing native plugins compatible for Editor in 6.79 ms, found 3 plugins.
Native extension for WindowsStandalone target not found
Package Manager log level set to [2]
[Package Manager] Server::EnsureServerProcessIsRunning -- launch failed, reason: Unity was launched with the -noUpm command-line argument
[Package Manager] UpmClient::Send -- Unable to send message (not connected to UPM process).
[Package Manager] Cannot connect to Unity Package Manager local server
Mono: successfully reloaded assembly
- Finished resetting the current domain, in  0.616 seconds
Domain Reload Profiling: 1313ms
	BeginReloadAssembly (132ms)
		ExecutionOrderSort (0ms)
		DisableScriptedObjects (4ms)
		BackupInstance (0ms)
		ReleaseScriptingObjects (0ms)
		CreateAndSetChildDomain (20ms)
	RebuildCommonClasses (26ms)
	RebuildNativeTypeToScriptingClass (8ms)
	initialDomainReloadingComplete (35ms)
	LoadAllAssembliesAndSetupDomain (497ms)
		LoadAssemblies (354ms)
		RebuildTransferFunctionScriptingTraits (0ms)
		AnalyzeDomain (216ms)
			TypeCache.Refresh (185ms)
				TypeCache.ScanAssembly (165ms)
			ScanForSourceGeneratedMonoScriptInfo (26ms)
			ResolveRequiredComponents (4ms)
	FinalizeReload (616ms)
		ReleaseScriptCaches (0ms)
		RebuildScriptCaches (0ms)
		SetupLoadedEditorAssemblies (465ms)
			LogAssemblyErrors (0ms)
			InitializePlatformSupportModulesInManaged (6ms)
			SetLoadedEditorAssemblies (3ms)
			RefreshPlugins (0ms)
			BeforeProcessingInitializeOnLoad (61ms)
			ProcessInitializeOnLoadAttributes (257ms)
			ProcessInitializeOnLoadMethodAttributes (131ms)
			AfterProcessingInitializeOnLoad (8ms)
			EditorAssembliesLoaded (0ms)
		ExecutionOrderSort2 (0ms)
		AwakeInstancesAfterBackupRestoration (7ms)
Launched and connected shader compiler UnityShaderCompiler.exe after 0.03 seconds
YAML error in 'Assets/Scripts/Class 3 - Movement and Camera Control/CursorControl/Scripts/CursorControl.dll.meta' - Unexpected empty content or blank line when reading mapping.
YAML error in 'Assets/Scripts/Class 3 - Movement and Camera Control/CursorControl/Scripts/CursorControl.dll.meta' - Unexpected empty content or blank line when reading mapping.
Refreshing native plugins compatible for Editor in 14.56 ms, found 3 plugins.
Preloading 0 native plugins for Editor in 0.00 ms.
Unloading 4564 Unused Serialized files (Serialized files now loaded: 0)
Unloading 71 unused Assets / (0.8 MB). Loaded Objects now: 5023.
Memory consumption went from 183.5 MB to 182.7 MB.
Total: 9.945700 ms (FindLiveObjects: 0.308600 ms CreateObjectMapping: 0.228400 ms MarkObjects: 8.857200 ms  DeleteObjects: 0.550000 ms)

AssetImportParameters requested are different than current active one (requested -> active):
  custom:container-demuxer-ogg: 62fdf1f143b41e24485cea50d1cbac27 -> 
  custom:video-decoder-ogg-theora: a1e56fd34408186e4bbccfd4996cb3dc -> 
  custom:framework-win-MediaFoundation: 216162199b28c13a410421893ffa2e32 -> 
  custom:CustomObjectIndexerAttribute: 6d391050e5a25f67b0a2c618074f2cd9 -> 
  custom:container-demuxer-webm: 4f35f7cbe854078d1ac9338744f61a02 -> 
  custom:container-muxer-webm: aa71ff27fc2769a1b78a27578f13a17b -> 
  custom:video-decoder-webm-vp8: 9c59270c3fd7afecdb556c50c9e8de78 -> 
  custom:SearchIndexIgnoredProperties: e643bd26f0fe6173181afceb89e7c659 -> 
  custom:AudioImporter_EditorPlatform: d09bf68614088b80899f8185d706f6e7 -> 
  custom:video-encoder-webm-vp8: eb34c28f22e8b96e1ab97ce403110664 -> 
  custom:audio-decoder-ogg-vorbis: bf7c407c2cedff20999df2af8eb42d56 -> 
  custom:audio-encoder-webm-vorbis: bf7c407c2cedff20999df2af8eb42d56 -> 
========================================================================
Received Import Request.
  Time since last request: 167122.563439 seconds.
  path: Assets/CasualGameSounds/DM-CGS-47.wav
  artifactKey: Guid(d46323e22e74e46baa241cbf48c85671) Importer(815301076,1909f56bfc062723c751e8b465ee728b)
Start importing Assets/CasualGameSounds/DM-CGS-47.wav using Guid(d46323e22e74e46baa241cbf48c85671) Importer(815301076,1909f56bfc062723c751e8b465ee728b)  -> (artifact id: '0ab99b3d125c432a8c4924f0d8ac7d4a') in 0.078709 seconds
Number of updated asset objects reloaded before import = 0
Number of asset objects unloaded after import = 2
========================================================================
Received Prepare
YAML error in 'Assets/Scripts/Class 3 - Movement and Camera Control/CursorControl/Scripts/CursorControl.dll.meta' - Unexpected empty content or blank line when reading mapping.
YAML error in 'Assets/Scripts/Class 3 - Movement and Camera Control/CursorControl/Scripts/CursorControl.dll.meta' - Unexpected empty content or blank line when reading mapping.
Begin MonoManager ReloadAssembly
YAML error in 'Assets/Scripts/Class 3 - Movement and Camera Control/CursorControl/Scripts/CursorControl.dll.meta' - Unexpected empty content or blank line when reading mapping.
YAML error in 'Assets/Scripts/Class 3 - Movement and Camera Control/CursorControl/Scripts/CursorControl.dll.meta' - Unexpected empty content or blank line when reading mapping.
YAML error in 'Assets/Scripts/Class 3 - Movement and Camera Control/CursorControl/Scripts/CursorControl.dll.meta' - Unexpected empty content or blank line when reading mapping.
UnityEngine.StackTraceUtility:ExtractStackTrace ()
UnityEditor.Scripting.ScriptCompilation.PrecompiledAssemblyProviderBase:GetAllPrecompiledAssembliesInternal ()
UnityEditor.Scripting.ScriptCompilation.PrecompiledAssemblyProvider:GetAllPrecompiledAssemblies ()
UnityEditor.AssemblyValidation:CheckAssemblyReferences (string[],UnityEditor.AssemblyValidation/Error[],Mono.Cecil.AssemblyDefinition[],System.Func`2<string, bool>)
UnityEditor.AssemblyValidation:ValidateAssemblyDefinitions (string[],Mono.Cecil.AssemblyDefinition[],System.Func`2<string, bool>)
UnityEditor.AssemblyValidation:ValidateAssemblies (string[],bool)

[C:\build\output\unity\unity\Runtime\Serialize\TransferFunctions\YAMLRead.h line 487]

YAML error in 'Assets/Scripts/Class 3 - Movement and Camera Control/CursorControl/Scripts/CursorControl.dll.meta' - Unexpected empty content or blank line when reading mapping.
UnityEngine.StackTraceUtility:ExtractStackTrace ()
UnityEditor.Scripting.ScriptCompilation.PrecompiledAssemblyProviderBase:GetAllPrecompiledAssembliesInternal ()
UnityEditor.Scripting.ScriptCompilation.PrecompiledAssemblyProvider:GetAllPrecompiledAssemblies ()
UnityEditor.AssemblyValidation:CheckAssemblyReferences (string[],UnityEditor.AssemblyValidation/Error[],Mono.Cecil.AssemblyDefinition[],System.Func`2<string, bool>)
UnityEditor.AssemblyValidation:ValidateAssemblyDefinitions (string[],Mono.Cecil.AssemblyDefinition[],System.Func`2<string, bool>)
UnityEditor.AssemblyValidation:ValidateAssemblies (string[],bool)

[C:\build\output\unity\unity\Runtime\Serialize\TransferFunctions\YAMLRead.h line 487]

Symbol file LoadedFromMemory is not a mono symbol file
- Loaded All Assemblies, in  0.367 seconds
YAML error in 'Assets/Scripts/Class 3 - Movement and Camera Control/CursorControl/Scripts/CursorControl.dll.meta' - Unexpected empty content or blank line when reading mapping.
YAML error in 'Assets/Scripts/Class 3 - Movement and Camera Control/CursorControl/Scripts/CursorControl.dll.meta' - Unexpected empty content or blank line when reading mapping.
Refreshing native plugins compatible for Editor in 7.61 ms, found 3 plugins.
Native extension for WindowsStandalone target not found
[Package Manager] Server::EnsureServerProcessIsRunning -- launch failed, reason: Unity was launched with the -noUpm command-line argument
[Package Manager] UpmClient::Send -- Unable to send message (not connected to UPM process).
[Package Manager] Cannot connect to Unity Package Manager local server
Mono: successfully reloaded assembly
- Finished resetting the current domain, in  0.939 seconds
Domain Reload Profiling: 1304ms
	BeginReloadAssembly (118ms)
		ExecutionOrderSort (0ms)
		DisableScriptedObjects (3ms)
		BackupInstance (0ms)
		ReleaseScriptingObjects (0ms)
		CreateAndSetChildDomain (30ms)
	RebuildCommonClasses (23ms)
	RebuildNativeTypeToScriptingClass (8ms)
	initialDomainReloadingComplete (23ms)
	LoadAllAssembliesAndSetupDomain (192ms)
		LoadAssemblies (238ms)
		RebuildTransferFunctionScriptingTraits (0ms)
		AnalyzeDomain (11ms)
			TypeCache.Refresh (6ms)
				TypeCache.ScanAssembly (0ms)
			ScanForSourceGeneratedMonoScriptInfo (0ms)
			ResolveRequiredComponents (4ms)
	FinalizeReload (940ms)
		ReleaseScriptCaches (0ms)
		RebuildScriptCaches (0ms)
		SetupLoadedEditorAssemblies (457ms)
			LogAssemblyErrors (0ms)
			InitializePlatformSupportModulesInManaged (6ms)
			SetLoadedEditorAssemblies (4ms)
			RefreshPlugins (0ms)
			BeforeProcessingInitializeOnLoad (65ms)
			ProcessInitializeOnLoadAttributes (261ms)
			ProcessInitializeOnLoadMethodAttributes (115ms)
			AfterProcessingInitializeOnLoad (6ms)
			EditorAssembliesLoaded (0ms)
		ExecutionOrderSort2 (0ms)
		AwakeInstancesAfterBackupRestoration (6ms)
YAML error in 'Assets/Scripts/Class 3 - Movement and Camera Control/CursorControl/Scripts/CursorControl.dll.meta' - Unexpected empty content or blank line when reading mapping.
YAML error in 'Assets/Scripts/Class 3 - Movement and Camera Control/CursorControl/Scripts/CursorControl.dll.meta' - Unexpected empty content or blank line when reading mapping.
Refreshing native plugins compatible for Editor in 12.49 ms, found 3 plugins.
Preloading 0 native plugins for Editor in 0.00 ms.
Unloading 4522 Unused Serialized files (Serialized files now loaded: 0)
Unloading 59 unused Assets / (0.8 MB). Loaded Objects now: 5036.
Memory consumption went from 179.5 MB to 178.7 MB.
Total: 7.107900 ms (FindLiveObjects: 0.290400 ms CreateObjectMapping: 0.201700 ms MarkObjects: 6.207000 ms  DeleteObjects: 0.407800 ms)

Prepare: number of updated asset objects reloaded= 0
AssetImportParameters requested are different than current active one (requested -> active):
  custom:container-demuxer-ogg: 62fdf1f143b41e24485cea50d1cbac27 -> 
  custom:video-decoder-ogg-theora: a1e56fd34408186e4bbccfd4996cb3dc -> 
  custom:framework-win-MediaFoundation: 216162199b28c13a410421893ffa2e32 -> 
  custom:CustomObjectIndexerAttribute: 6d391050e5a25f67b0a2c618074f2cd9 -> 
  custom:container-demuxer-webm: 4f35f7cbe854078d1ac9338744f61a02 -> 
  custom:container-muxer-webm: aa71ff27fc2769a1b78a27578f13a17b -> 
  custom:video-decoder-webm-vp8: 9c59270c3fd7afecdb556c50c9e8de78 -> 
  custom:SearchIndexIgnoredProperties: e643bd26f0fe6173181afceb89e7c659 -> 
  custom:AudioImporter_EditorPlatform: d09bf68614088b80899f8185d706f6e7 -> 
  custom:video-encoder-webm-vp8: eb34c28f22e8b96e1ab97ce403110664 -> 
  custom:audio-decoder-ogg-vorbis: bf7c407c2cedff20999df2af8eb42d56 -> 
  custom:audio-encoder-webm-vorbis: bf7c407c2cedff20999df2af8eb42d56 -> 
========================================================================
Received Import Request.
  Time since last request: 126.582172 seconds.
  path: Assets/Resources/Systems.prefab
  artifactKey: Guid(c3c8dba7bd58e67bfa46847a45a88912) Importer(815301076,1909f56bfc062723c751e8b465ee728b)
Start importing Assets/Resources/Systems.prefab using Guid(c3c8dba7bd58e67bfa46847a45a88912) Importer(815301076,1909f56bfc062723c751e8b465ee728b)  -> (artifact id: '13b8bcb7d3aebee04d4ac00a50048f51') in 0.027444 seconds
Number of updated asset objects reloaded before import = 0
Number of asset objects unloaded after import = 33
========================================================================
Received Prepare
YAML error in 'Assets/Scripts/Class 3 - Movement and Camera Control/CursorControl/Scripts/CursorControl.dll.meta' - Unexpected empty content or blank line when reading mapping.
YAML error in 'Assets/Scripts/Class 3 - Movement and Camera Control/CursorControl/Scripts/CursorControl.dll.meta' - Unexpected empty content or blank line when reading mapping.
Begin MonoManager ReloadAssembly
YAML error in 'Assets/Scripts/Class 3 - Movement and Camera Control/CursorControl/Scripts/CursorControl.dll.meta' - Unexpected empty content or blank line when reading mapping.
YAML error in 'Assets/Scripts/Class 3 - Movement and Camera Control/CursorControl/Scripts/CursorControl.dll.meta' - Unexpected empty content or blank line when reading mapping.
YAML error in 'Assets/Scripts/Class 3 - Movement and Camera Control/CursorControl/Scripts/CursorControl.dll.meta' - Unexpected empty content or blank line when reading mapping.
UnityEngine.StackTraceUtility:ExtractStackTrace ()
UnityEditor.Scripting.ScriptCompilation.PrecompiledAssemblyProviderBase:GetAllPrecompiledAssembliesInternal ()
UnityEditor.Scripting.ScriptCompilation.PrecompiledAssemblyProvider:GetAllPrecompiledAssemblies ()
UnityEditor.AssemblyValidation:CheckAssemblyReferences (string[],UnityEditor.AssemblyValidation/Error[],Mono.Cecil.AssemblyDefinition[],System.Func`2<string, bool>)
UnityEditor.AssemblyValidation:ValidateAssemblyDefinitions (string[],Mono.Cecil.AssemblyDefinition[],System.Func`2<string, bool>)
UnityEditor.AssemblyValidation:ValidateAssemblies (string[],bool)

[C:\build\output\unity\unity\Runtime\Serialize\TransferFunctions\YAMLRead.h line 487]

YAML error in 'Assets/Scripts/Class 3 - Movement and Camera Control/CursorControl/Scripts/CursorControl.dll.meta' - Unexpected empty content or blank line when reading mapping.
UnityEngine.StackTraceUtility:ExtractStackTrace ()
UnityEditor.Scripting.ScriptCompilation.PrecompiledAssemblyProviderBase:GetAllPrecompiledAssembliesInternal ()
UnityEditor.Scripting.ScriptCompilation.PrecompiledAssemblyProvider:GetAllPrecompiledAssemblies ()
UnityEditor.AssemblyValidation:CheckAssemblyReferences (string[],UnityEditor.AssemblyValidation/Error[],Mono.Cecil.AssemblyDefinition[],System.Func`2<string, bool>)
UnityEditor.AssemblyValidation:ValidateAssemblyDefinitions (string[],Mono.Cecil.AssemblyDefinition[],System.Func`2<string, bool>)
UnityEditor.AssemblyValidation:ValidateAssemblies (string[],bool)

[C:\build\output\unity\unity\Runtime\Serialize\TransferFunctions\YAMLRead.h line 487]

Symbol file LoadedFromMemory is not a mono symbol file
- Loaded All Assemblies, in  0.377 seconds
YAML error in 'Assets/Scripts/Class 3 - Movement and Camera Control/CursorControl/Scripts/CursorControl.dll.meta' - Unexpected empty content or blank line when reading mapping.
YAML error in 'Assets/Scripts/Class 3 - Movement and Camera Control/CursorControl/Scripts/CursorControl.dll.meta' - Unexpected empty content or blank line when reading mapping.
Refreshing native plugins compatible for Editor in 8.77 ms, found 3 plugins.
Native extension for WindowsStandalone target not found
[Package Manager] Server::EnsureServerProcessIsRunning -- launch failed, reason: Unity was launched with the -noUpm command-line argument
[Package Manager] UpmClient::Send -- Unable to send message (not connected to UPM process).
[Package Manager] Cannot connect to Unity Package Manager local server
Mono: successfully reloaded assembly
- Finished resetting the current domain, in  0.942 seconds
Domain Reload Profiling: 1316ms
	BeginReloadAssembly (117ms)
		ExecutionOrderSort (0ms)
		DisableScriptedObjects (3ms)
		BackupInstance (0ms)
		ReleaseScriptingObjects (0ms)
		CreateAndSetChildDomain (29ms)
	RebuildCommonClasses (24ms)
	RebuildNativeTypeToScriptingClass (8ms)
	initialDomainReloadingComplete (29ms)
	LoadAllAssembliesAndSetupDomain (196ms)
		LoadAssemblies (241ms)
		RebuildTransferFunctionScriptingTraits (0ms)
		AnalyzeDomain (12ms)
			TypeCache.Refresh (7ms)
				TypeCache.ScanAssembly (0ms)
			ScanForSourceGeneratedMonoScriptInfo (0ms)
			ResolveRequiredComponents (5ms)
	FinalizeReload (942ms)
		ReleaseScriptCaches (0ms)
		RebuildScriptCaches (0ms)
		SetupLoadedEditorAssemblies (464ms)
			LogAssemblyErrors (0ms)
			InitializePlatformSupportModulesInManaged (5ms)
			SetLoadedEditorAssemblies (4ms)
			RefreshPlugins (0ms)
			BeforeProcessingInitializeOnLoad (63ms)
			ProcessInitializeOnLoadAttributes (268ms)
			ProcessInitializeOnLoadMethodAttributes (117ms)
			AfterProcessingInitializeOnLoad (6ms)
			EditorAssembliesLoaded (0ms)
		ExecutionOrderSort2 (0ms)
		AwakeInstancesAfterBackupRestoration (6ms)
YAML error in 'Assets/Scripts/Class 3 - Movement and Camera Control/CursorControl/Scripts/CursorControl.dll.meta' - Unexpected empty content or blank line when reading mapping.
YAML error in 'Assets/Scripts/Class 3 - Movement and Camera Control/CursorControl/Scripts/CursorControl.dll.meta' - Unexpected empty content or blank line when reading mapping.
Refreshing native plugins compatible for Editor in 10.28 ms, found 3 plugins.
Preloading 0 native plugins for Editor in 0.00 ms.
Unloading 4522 Unused Serialized files (Serialized files now loaded: 0)
Unloading 59 unused Assets / (0.8 MB). Loaded Objects now: 5039.
Memory consumption went from 181.5 MB to 180.6 MB.
Total: 6.474400 ms (FindLiveObjects: 0.269900 ms CreateObjectMapping: 0.160400 ms MarkObjects: 5.713200 ms  DeleteObjects: 0.329700 ms)

Prepare: number of updated asset objects reloaded= 0
AssetImportParameters requested are different than current active one (requested -> active):
  custom:container-demuxer-ogg: 62fdf1f143b41e24485cea50d1cbac27 -> 
  custom:video-decoder-ogg-theora: a1e56fd34408186e4bbccfd4996cb3dc -> 
  custom:framework-win-MediaFoundation: 216162199b28c13a410421893ffa2e32 -> 
  custom:CustomObjectIndexerAttribute: 6d391050e5a25f67b0a2c618074f2cd9 -> 
  custom:container-demuxer-webm: 4f35f7cbe854078d1ac9338744f61a02 -> 
  custom:container-muxer-webm: aa71ff27fc2769a1b78a27578f13a17b -> 
  custom:video-decoder-webm-vp8: 9c59270c3fd7afecdb556c50c9e8de78 -> 
  custom:SearchIndexIgnoredProperties: e643bd26f0fe6173181afceb89e7c659 -> 
  custom:AudioImporter_EditorPlatform: d09bf68614088b80899f8185d706f6e7 -> 
  custom:video-encoder-webm-vp8: eb34c28f22e8b96e1ab97ce403110664 -> 
  custom:audio-decoder-ogg-vorbis: bf7c407c2cedff20999df2af8eb42d56 -> 
  custom:audio-encoder-webm-vorbis: bf7c407c2cedff20999df2af8eb42d56 -> 
========================================================================
Received Import Request.
  Time since last request: 204.187286 seconds.
  path: Assets/Scripts/Class 4 - ControlVariants and Collectables/Gem.cs
  artifactKey: Guid(e7e7f1e4b7bfe9242934697ce04a9f22) Importer(815301076,1909f56bfc062723c751e8b465ee728b)
Start importing Assets/Scripts/Class 4 - ControlVariants and Collectables/Gem.cs using Guid(e7e7f1e4b7bfe9242934697ce04a9f22) Importer(815301076,1909f56bfc062723c751e8b465ee728b)  -> (artifact id: 'f2e0da6d474c1acfc3ec9d51321c936c') in 0.002538 seconds
Number of updated asset objects reloaded before import = 0
Number of asset objects unloaded after import = 0
========================================================================
Received Prepare
YAML error in 'Assets/Scripts/Class 3 - Movement and Camera Control/CursorControl/Scripts/CursorControl.dll.meta' - Unexpected empty content or blank line when reading mapping.
YAML error in 'Assets/Scripts/Class 3 - Movement and Camera Control/CursorControl/Scripts/CursorControl.dll.meta' - Unexpected empty content or blank line when reading mapping.
Begin MonoManager ReloadAssembly
YAML error in 'Assets/Scripts/Class 3 - Movement and Camera Control/CursorControl/Scripts/CursorControl.dll.meta' - Unexpected empty content or blank line when reading mapping.
YAML error in 'Assets/Scripts/Class 3 - Movement and Camera Control/CursorControl/Scripts/CursorControl.dll.meta' - Unexpected empty content or blank line when reading mapping.
YAML error in 'Assets/Scripts/Class 3 - Movement and Camera Control/CursorControl/Scripts/CursorControl.dll.meta' - Unexpected empty content or blank line when reading mapping.
UnityEngine.StackTraceUtility:ExtractStackTrace ()
UnityEditor.Scripting.ScriptCompilation.PrecompiledAssemblyProviderBase:GetAllPrecompiledAssembliesInternal ()
UnityEditor.Scripting.ScriptCompilation.PrecompiledAssemblyProvider:GetAllPrecompiledAssemblies ()
UnityEditor.AssemblyValidation:CheckAssemblyReferences (string[],UnityEditor.AssemblyValidation/Error[],Mono.Cecil.AssemblyDefinition[],System.Func`2<string, bool>)
UnityEditor.AssemblyValidation:ValidateAssemblyDefinitions (string[],Mono.Cecil.AssemblyDefinition[],System.Func`2<string, bool>)
UnityEditor.AssemblyValidation:ValidateAssemblies (string[],bool)

[C:\build\output\unity\unity\Runtime\Serialize\TransferFunctions\YAMLRead.h line 487]

YAML error in 'Assets/Scripts/Class 3 - Movement and Camera Control/CursorControl/Scripts/CursorControl.dll.meta' - Unexpected empty content or blank line when reading mapping.
UnityEngine.StackTraceUtility:ExtractStackTrace ()
UnityEditor.Scripting.ScriptCompilation.PrecompiledAssemblyProviderBase:GetAllPrecompiledAssembliesInternal ()
UnityEditor.Scripting.ScriptCompilation.PrecompiledAssemblyProvider:GetAllPrecompiledAssemblies ()
UnityEditor.AssemblyValidation:CheckAssemblyReferences (string[],UnityEditor.AssemblyValidation/Error[],Mono.Cecil.AssemblyDefinition[],System.Func`2<string, bool>)
UnityEditor.AssemblyValidation:ValidateAssemblyDefinitions (string[],Mono.Cecil.AssemblyDefinition[],System.Func`2<string, bool>)
UnityEditor.AssemblyValidation:ValidateAssemblies (string[],bool)

[C:\build\output\unity\unity\Runtime\Serialize\TransferFunctions\YAMLRead.h line 487]

Symbol file LoadedFromMemory is not a mono symbol file
- Loaded All Assemblies, in  0.393 seconds
YAML error in 'Assets/Scripts/Class 3 - Movement and Camera Control/CursorControl/Scripts/CursorControl.dll.meta' - Unexpected empty content or blank line when reading mapping.
YAML error in 'Assets/Scripts/Class 3 - Movement and Camera Control/CursorControl/Scripts/CursorControl.dll.meta' - Unexpected empty content or blank line when reading mapping.
Refreshing native plugins compatible for Editor in 8.45 ms, found 3 plugins.
Native extension for WindowsStandalone target not found
[Package Manager] Server::EnsureServerProcessIsRunning -- launch failed, reason: Unity was launched with the -noUpm command-line argument
[Package Manager] UpmClient::Send -- Unable to send message (not connected to UPM process).
[Package Manager] Cannot connect to Unity Package Manager local server
Mono: successfully reloaded assembly
- Finished resetting the current domain, in  0.794 seconds
Domain Reload Profiling: 1184ms
	BeginReloadAssembly (120ms)
		ExecutionOrderSort (0ms)
		DisableScriptedObjects (4ms)
		BackupInstance (0ms)
		ReleaseScriptingObjects (0ms)
		CreateAndSetChildDomain (31ms)
	RebuildCommonClasses (23ms)
	RebuildNativeTypeToScriptingClass (8ms)
	initialDomainReloadingComplete (22ms)
	LoadAllAssembliesAndSetupDomain (216ms)
		LoadAssemblies (246ms)
		RebuildTransferFunctionScriptingTraits (0ms)
		AnalyzeDomain (27ms)
			TypeCache.Refresh (11ms)
				TypeCache.ScanAssembly (1ms)
			ScanForSourceGeneratedMonoScriptInfo (9ms)
			ResolveRequiredComponents (5ms)
	FinalizeReload (795ms)
		ReleaseScriptCaches (0ms)
		RebuildScriptCaches (0ms)
		SetupLoadedEditorAssemblies (384ms)
			LogAssemblyErrors (0ms)
			InitializePlatformSupportModulesInManaged (4ms)
			SetLoadedEditorAssemblies (3ms)
			RefreshPlugins (0ms)
			BeforeProcessingInitializeOnLoad (53ms)
			ProcessInitializeOnLoadAttributes (217ms)
			ProcessInitializeOnLoadMethodAttributes (102ms)
			AfterProcessingInitializeOnLoad (4ms)
			EditorAssembliesLoaded (0ms)
		ExecutionOrderSort2 (0ms)
		AwakeInstancesAfterBackupRestoration (5ms)
YAML error in 'Assets/Scripts/Class 3 - Movement and Camera Control/CursorControl/Scripts/CursorControl.dll.meta' - Unexpected empty content or blank line when reading mapping.
YAML error in 'Assets/Scripts/Class 3 - Movement and Camera Control/CursorControl/Scripts/CursorControl.dll.meta' - Unexpected empty content or blank line when reading mapping.
Refreshing native plugins compatible for Editor in 10.03 ms, found 3 plugins.
Preloading 0 native plugins for Editor in 0.00 ms.
Unloading 4522 Unused Serialized files (Serialized files now loaded: 0)
Unloading 59 unused Assets / (0.8 MB). Loaded Objects now: 5042.
Memory consumption went from 183.4 MB to 182.6 MB.
Total: 5.323500 ms (FindLiveObjects: 0.259800 ms CreateObjectMapping: 0.133500 ms MarkObjects: 4.591200 ms  DeleteObjects: 0.337900 ms)

Prepare: number of updated asset objects reloaded= 0
AssetImportParameters requested are different than current active one (requested -> active):
  custom:container-demuxer-ogg: 62fdf1f143b41e24485cea50d1cbac27 -> 
  custom:video-decoder-ogg-theora: a1e56fd34408186e4bbccfd4996cb3dc -> 
  custom:framework-win-MediaFoundation: 216162199b28c13a410421893ffa2e32 -> 
  custom:CustomObjectIndexerAttribute: 6d391050e5a25f67b0a2c618074f2cd9 -> 
  custom:container-demuxer-webm: 4f35f7cbe854078d1ac9338744f61a02 -> 
  custom:container-muxer-webm: aa71ff27fc2769a1b78a27578f13a17b -> 
  custom:video-decoder-webm-vp8: 9c59270c3fd7afecdb556c50c9e8de78 -> 
  custom:SearchIndexIgnoredProperties: e643bd26f0fe6173181afceb89e7c659 -> 
  custom:AudioImporter_EditorPlatform: d09bf68614088b80899f8185d706f6e7 -> 
  custom:video-encoder-webm-vp8: eb34c28f22e8b96e1ab97ce403110664 -> 
  custom:audio-decoder-ogg-vorbis: bf7c407c2cedff20999df2af8eb42d56 -> 
  custom:audio-encoder-webm-vorbis: bf7c407c2cedff20999df2af8eb42d56 -> 
========================================================================
Received Prepare
YAML error in 'Assets/Scripts/Class 3 - Movement and Camera Control/CursorControl/Scripts/CursorControl.dll.meta' - Unexpected empty content or blank line when reading mapping.
YAML error in 'Assets/Scripts/Class 3 - Movement and Camera Control/CursorControl/Scripts/CursorControl.dll.meta' - Unexpected empty content or blank line when reading mapping.
Begin MonoManager ReloadAssembly
YAML error in 'Assets/Scripts/Class 3 - Movement and Camera Control/CursorControl/Scripts/CursorControl.dll.meta' - Unexpected empty content or blank line when reading mapping.
YAML error in 'Assets/Scripts/Class 3 - Movement and Camera Control/CursorControl/Scripts/CursorControl.dll.meta' - Unexpected empty content or blank line when reading mapping.
YAML error in 'Assets/Scripts/Class 3 - Movement and Camera Control/CursorControl/Scripts/CursorControl.dll.meta' - Unexpected empty content or blank line when reading mapping.
UnityEngine.StackTraceUtility:ExtractStackTrace ()
UnityEditor.Scripting.ScriptCompilation.PrecompiledAssemblyProviderBase:GetAllPrecompiledAssembliesInternal ()
UnityEditor.Scripting.ScriptCompilation.PrecompiledAssemblyProvider:GetAllPrecompiledAssemblies ()
UnityEditor.AssemblyValidation:CheckAssemblyReferences (string[],UnityEditor.AssemblyValidation/Error[],Mono.Cecil.AssemblyDefinition[],System.Func`2<string, bool>)
UnityEditor.AssemblyValidation:ValidateAssemblyDefinitions (string[],Mono.Cecil.AssemblyDefinition[],System.Func`2<string, bool>)
UnityEditor.AssemblyValidation:ValidateAssemblies (string[],bool)

[C:\build\output\unity\unity\Runtime\Serialize\TransferFunctions\YAMLRead.h line 487]

YAML error in 'Assets/Scripts/Class 3 - Movement and Camera Control/CursorControl/Scripts/CursorControl.dll.meta' - Unexpected empty content or blank line when reading mapping.
UnityEngine.StackTraceUtility:ExtractStackTrace ()
UnityEditor.Scripting.ScriptCompilation.PrecompiledAssemblyProviderBase:GetAllPrecompiledAssembliesInternal ()
UnityEditor.Scripting.ScriptCompilation.PrecompiledAssemblyProvider:GetAllPrecompiledAssemblies ()
UnityEditor.AssemblyValidation:CheckAssemblyReferences (string[],UnityEditor.AssemblyValidation/Error[],Mono.Cecil.AssemblyDefinition[],System.Func`2<string, bool>)
UnityEditor.AssemblyValidation:ValidateAssemblyDefinitions (string[],Mono.Cecil.AssemblyDefinition[],System.Func`2<string, bool>)
UnityEditor.AssemblyValidation:ValidateAssemblies (string[],bool)

[C:\build\output\unity\unity\Runtime\Serialize\TransferFunctions\YAMLRead.h line 487]

Symbol file LoadedFromMemory is not a mono symbol file
- Loaded All Assemblies, in  0.394 seconds
YAML error in 'Assets/Scripts/Class 3 - Movement and Camera Control/CursorControl/Scripts/CursorControl.dll.meta' - Unexpected empty content or blank line when reading mapping.
YAML error in 'Assets/Scripts/Class 3 - Movement and Camera Control/CursorControl/Scripts/CursorControl.dll.meta' - Unexpected empty content or blank line when reading mapping.
Refreshing native plugins compatible for Editor in 6.79 ms, found 3 plugins.
Native extension for WindowsStandalone target not found
[Package Manager] Server::EnsureServerProcessIsRunning -- launch failed, reason: Unity was launched with the -noUpm command-line argument
[Package Manager] UpmClient::Send -- Unable to send message (not connected to UPM process).
[Package Manager] Cannot connect to Unity Package Manager local server
Mono: successfully reloaded assembly
- Finished resetting the current domain, in  0.908 seconds
Domain Reload Profiling: 1299ms
	BeginReloadAssembly (115ms)
		ExecutionOrderSort (0ms)
		DisableScriptedObjects (4ms)
		BackupInstance (0ms)
		ReleaseScriptingObjects (0ms)
		CreateAndSetChildDomain (29ms)
	RebuildCommonClasses (22ms)
	RebuildNativeTypeToScriptingClass (12ms)
	initialDomainReloadingComplete (23ms)
	LoadAllAssembliesAndSetupDomain (217ms)
		LoadAssemblies (261ms)
		RebuildTransferFunctionScriptingTraits (0ms)
		AnalyzeDomain (13ms)
			TypeCache.Refresh (6ms)
				TypeCache.ScanAssembly (0ms)
			ScanForSourceGeneratedMonoScriptInfo (0ms)
			ResolveRequiredComponents (5ms)
	FinalizeReload (909ms)
		ReleaseScriptCaches (0ms)
		RebuildScriptCaches (0ms)
		SetupLoadedEditorAssemblies (446ms)
			LogAssemblyErrors (0ms)
			InitializePlatformSupportModulesInManaged (5ms)
			SetLoadedEditorAssemblies (4ms)
			RefreshPlugins (0ms)
			BeforeProcessingInitializeOnLoad (65ms)
			ProcessInitializeOnLoadAttributes (252ms)
			ProcessInitializeOnLoadMethodAttributes (115ms)
			AfterProcessingInitializeOnLoad (5ms)
			EditorAssembliesLoaded (1ms)
		ExecutionOrderSort2 (0ms)
		AwakeInstancesAfterBackupRestoration (5ms)
YAML error in 'Assets/Scripts/Class 3 - Movement and Camera Control/CursorControl/Scripts/CursorControl.dll.meta' - Unexpected empty content or blank line when reading mapping.
YAML error in 'Assets/Scripts/Class 3 - Movement and Camera Control/CursorControl/Scripts/CursorControl.dll.meta' - Unexpected empty content or blank line when reading mapping.
Refreshing native plugins compatible for Editor in 10.21 ms, found 3 plugins.
Preloading 0 native plugins for Editor in 0.00 ms.
Unloading 4523 Unused Serialized files (Serialized files now loaded: 0)
Unloading 59 unused Assets / (0.8 MB). Loaded Objects now: 5045.
Memory consumption went from 185.6 MB to 184.8 MB.
Total: 8.317300 ms (FindLiveObjects: 0.791200 ms CreateObjectMapping: 0.419200 ms MarkObjects: 6.690100 ms  DeleteObjects: 0.414800 ms)

Prepare: number of updated asset objects reloaded= 0
AssetImportParameters requested are different than current active one (requested -> active):
  custom:container-demuxer-ogg: 62fdf1f143b41e24485cea50d1cbac27 -> 
  custom:video-decoder-ogg-theora: a1e56fd34408186e4bbccfd4996cb3dc -> 
  custom:framework-win-MediaFoundation: 216162199b28c13a410421893ffa2e32 -> 
  custom:CustomObjectIndexerAttribute: 6d391050e5a25f67b0a2c618074f2cd9 -> 
  custom:container-demuxer-webm: 4f35f7cbe854078d1ac9338744f61a02 -> 
  custom:container-muxer-webm: aa71ff27fc2769a1b78a27578f13a17b -> 
  custom:video-decoder-webm-vp8: 9c59270c3fd7afecdb556c50c9e8de78 -> 
  custom:SearchIndexIgnoredProperties: e643bd26f0fe6173181afceb89e7c659 -> 
  custom:AudioImporter_EditorPlatform: d09bf68614088b80899f8185d706f6e7 -> 
  custom:video-encoder-webm-vp8: eb34c28f22e8b96e1ab97ce403110664 -> 
  custom:audio-decoder-ogg-vorbis: bf7c407c2cedff20999df2af8eb42d56 -> 
  custom:audio-encoder-webm-vorbis: bf7c407c2cedff20999df2af8eb42d56 -> 
========================================================================
Received Import Request.
  Time since last request: 64.794278 seconds.
  path: Assets/Resources/Systems.prefab
  artifactKey: Guid(c3c8dba7bd58e67bfa46847a45a88912) Importer(815301076,1909f56bfc062723c751e8b465ee728b)
Start importing Assets/Resources/Systems.prefab using Guid(c3c8dba7bd58e67bfa46847a45a88912) Importer(815301076,1909f56bfc062723c751e8b465ee728b)  -> (artifact id: '614e94df8768eaf7ccfca8db9a17cad9') in 0.024351 seconds
Number of updated asset objects reloaded before import = 0
Number of asset objects unloaded after import = 33
========================================================================
Received Prepare
YAML error in 'Assets/Scripts/Class 3 - Movement and Camera Control/CursorControl/Scripts/CursorControl.dll.meta' - Unexpected empty content or blank line when reading mapping.
YAML error in 'Assets/Scripts/Class 3 - Movement and Camera Control/CursorControl/Scripts/CursorControl.dll.meta' - Unexpected empty content or blank line when reading mapping.
Begin MonoManager ReloadAssembly
YAML error in 'Assets/Scripts/Class 3 - Movement and Camera Control/CursorControl/Scripts/CursorControl.dll.meta' - Unexpected empty content or blank line when reading mapping.
YAML error in 'Assets/Scripts/Class 3 - Movement and Camera Control/CursorControl/Scripts/CursorControl.dll.meta' - Unexpected empty content or blank line when reading mapping.
YAML error in 'Assets/Scripts/Class 3 - Movement and Camera Control/CursorControl/Scripts/CursorControl.dll.meta' - Unexpected empty content or blank line when reading mapping.
UnityEngine.StackTraceUtility:ExtractStackTrace ()
UnityEditor.Scripting.ScriptCompilation.PrecompiledAssemblyProviderBase:GetAllPrecompiledAssembliesInternal ()
UnityEditor.Scripting.ScriptCompilation.PrecompiledAssemblyProvider:GetAllPrecompiledAssemblies ()
UnityEditor.AssemblyValidation:CheckAssemblyReferences (string[],UnityEditor.AssemblyValidation/Error[],Mono.Cecil.AssemblyDefinition[],System.Func`2<string, bool>)
UnityEditor.AssemblyValidation:ValidateAssemblyDefinitions (string[],Mono.Cecil.AssemblyDefinition[],System.Func`2<string, bool>)
UnityEditor.AssemblyValidation:ValidateAssemblies (string[],bool)

[C:\build\output\unity\unity\Runtime\Serialize\TransferFunctions\YAMLRead.h line 487]

YAML error in 'Assets/Scripts/Class 3 - Movement and Camera Control/CursorControl/Scripts/CursorControl.dll.meta' - Unexpected empty content or blank line when reading mapping.
UnityEngine.StackTraceUtility:ExtractStackTrace ()
UnityEditor.Scripting.ScriptCompilation.PrecompiledAssemblyProviderBase:GetAllPrecompiledAssembliesInternal ()
UnityEditor.Scripting.ScriptCompilation.PrecompiledAssemblyProvider:GetAllPrecompiledAssemblies ()
UnityEditor.AssemblyValidation:CheckAssemblyReferences (string[],UnityEditor.AssemblyValidation/Error[],Mono.Cecil.AssemblyDefinition[],System.Func`2<string, bool>)
UnityEditor.AssemblyValidation:ValidateAssemblyDefinitions (string[],Mono.Cecil.AssemblyDefinition[],System.Func`2<string, bool>)
UnityEditor.AssemblyValidation:ValidateAssemblies (string[],bool)

[C:\build\output\unity\unity\Runtime\Serialize\TransferFunctions\YAMLRead.h line 487]

Symbol file LoadedFromMemory is not a mono symbol file
- Loaded All Assemblies, in  0.398 seconds
YAML error in 'Assets/Scripts/Class 3 - Movement and Camera Control/CursorControl/Scripts/CursorControl.dll.meta' - Unexpected empty content or blank line when reading mapping.
YAML error in 'Assets/Scripts/Class 3 - Movement and Camera Control/CursorControl/Scripts/CursorControl.dll.meta' - Unexpected empty content or blank line when reading mapping.
Refreshing native plugins compatible for Editor in 8.52 ms, found 3 plugins.
Native extension for WindowsStandalone target not found
[Package Manager] Server::EnsureServerProcessIsRunning -- launch failed, reason: Unity was launched with the -noUpm command-line argument
[Package Manager] UpmClient::Send -- Unable to send message (not connected to UPM process).
[Package Manager] Cannot connect to Unity Package Manager local server
Mono: successfully reloaded assembly
- Finished resetting the current domain, in  0.925 seconds
Domain Reload Profiling: 1320ms
	BeginReloadAssembly (134ms)
		ExecutionOrderSort (0ms)
		DisableScriptedObjects (3ms)
		BackupInstance (0ms)
		ReleaseScriptingObjects (0ms)
		CreateAndSetChildDomain (34ms)
	RebuildCommonClasses (24ms)
	RebuildNativeTypeToScriptingClass (8ms)
	initialDomainReloadingComplete (28ms)
	LoadAllAssembliesAndSetupDomain (201ms)
		LoadAssemblies (257ms)
		RebuildTransferFunctionScriptingTraits (0ms)
		AnalyzeDomain (12ms)
			TypeCache.Refresh (6ms)
				TypeCache.ScanAssembly (0ms)
			ScanForSourceGeneratedMonoScriptInfo (0ms)
			ResolveRequiredComponents (5ms)
	FinalizeReload (926ms)
		ReleaseScriptCaches (0ms)
		RebuildScriptCaches (0ms)
		SetupLoadedEditorAssemblies (449ms)
			LogAssemblyErrors (0ms)
			InitializePlatformSupportModulesInManaged (5ms)
			SetLoadedEditorAssemblies (3ms)
			RefreshPlugins (0ms)
			BeforeProcessingInitializeOnLoad (62ms)
			ProcessInitializeOnLoadAttributes (255ms)
			ProcessInitializeOnLoadMethodAttributes (117ms)
			AfterProcessingInitializeOnLoad (6ms)
			EditorAssembliesLoaded (0ms)
		ExecutionOrderSort2 (0ms)
		AwakeInstancesAfterBackupRestoration (6ms)
YAML error in 'Assets/Scripts/Class 3 - Movement and Camera Control/CursorControl/Scripts/CursorControl.dll.meta' - Unexpected empty content or blank line when reading mapping.
YAML error in 'Assets/Scripts/Class 3 - Movement and Camera Control/CursorControl/Scripts/CursorControl.dll.meta' - Unexpected empty content or blank line when reading mapping.
Refreshing native plugins compatible for Editor in 13.78 ms, found 3 plugins.
Preloading 0 native plugins for Editor in 0.00 ms.
Unloading 4522 Unused Serialized files (Serialized files now loaded: 0)
Unloading 59 unused Assets / (0.8 MB). Loaded Objects now: 5048.
Memory consumption went from 187.3 MB to 186.4 MB.
Total: 6.636300 ms (FindLiveObjects: 0.265100 ms CreateObjectMapping: 0.170600 ms MarkObjects: 5.902500 ms  DeleteObjects: 0.297300 ms)

Prepare: number of updated asset objects reloaded= 0
AssetImportParameters requested are different than current active one (requested -> active):
  custom:container-demuxer-ogg: 62fdf1f143b41e24485cea50d1cbac27 -> 
  custom:video-decoder-ogg-theora: a1e56fd34408186e4bbccfd4996cb3dc -> 
  custom:framework-win-MediaFoundation: 216162199b28c13a410421893ffa2e32 -> 
  custom:CustomObjectIndexerAttribute: 6d391050e5a25f67b0a2c618074f2cd9 -> 
  custom:container-demuxer-webm: 4f35f7cbe854078d1ac9338744f61a02 -> 
  custom:container-muxer-webm: aa71ff27fc2769a1b78a27578f13a17b -> 
  custom:video-decoder-webm-vp8: 9c59270c3fd7afecdb556c50c9e8de78 -> 
  custom:SearchIndexIgnoredProperties: e643bd26f0fe6173181afceb89e7c659 -> 
  custom:AudioImporter_EditorPlatform: d09bf68614088b80899f8185d706f6e7 -> 
  custom:video-encoder-webm-vp8: eb34c28f22e8b96e1ab97ce403110664 -> 
  custom:audio-decoder-ogg-vorbis: bf7c407c2cedff20999df2af8eb42d56 -> 
  custom:audio-encoder-webm-vorbis: bf7c407c2cedff20999df2af8eb42d56 -> 
========================================================================
Received Import Request.
  Time since last request: 33.608411 seconds.
  path: Assets/Resources/Systems.prefab
  artifactKey: Guid(c3c8dba7bd58e67bfa46847a45a88912) Importer(815301076,1909f56bfc062723c751e8b465ee728b)
Start importing Assets/Resources/Systems.prefab using Guid(c3c8dba7bd58e67bfa46847a45a88912) Importer(815301076,1909f56bfc062723c751e8b465ee728b)  -> (artifact id: '3de53227ca84cf3a9eaa96b86f5111ec') in 0.027464 seconds
Number of updated asset objects reloaded before import = 0
Number of asset objects unloaded after import = 33
========================================================================
Received Import Request.
  Time since last request: 5.578375 seconds.
  path: Assets/Resources/Systems.prefab
  artifactKey: Guid(c3c8dba7bd58e67bfa46847a45a88912) Importer(815301076,1909f56bfc062723c751e8b465ee728b)
Start importing Assets/Resources/Systems.prefab using Guid(c3c8dba7bd58e67bfa46847a45a88912) Importer(815301076,1909f56bfc062723c751e8b465ee728b)  -> (artifact id: '9652b3e17de5ee7a754c27e630717cb6') in 0.004902 seconds
Number of updated asset objects reloaded before import = 0
Number of asset objects unloaded after import = 33
========================================================================
Received Import Request.
  Time since last request: 7.250156 seconds.
  path: Assets/Resources/Systems.prefab
  artifactKey: Guid(c3c8dba7bd58e67bfa46847a45a88912) Importer(815301076,1909f56bfc062723c751e8b465ee728b)
Start importing Assets/Resources/Systems.prefab using Guid(c3c8dba7bd58e67bfa46847a45a88912) Importer(815301076,1909f56bfc062723c751e8b465ee728b)  -> (artifact id: '87e59ff552cbe1e8412d08e40af7d42b') in 0.004741 seconds
Number of updated asset objects reloaded before import = 0
Number of asset objects unloaded after import = 33
========================================================================
Received Import Request.
  Time since last request: 6.841932 seconds.
  path: Assets/Resources/Systems.prefab
  artifactKey: Guid(c3c8dba7bd58e67bfa46847a45a88912) Importer(815301076,1909f56bfc062723c751e8b465ee728b)
Start importing Assets/Resources/Systems.prefab using Guid(c3c8dba7bd58e67bfa46847a45a88912) Importer(815301076,1909f56bfc062723c751e8b465ee728b)  -> (artifact id: 'fb36b8aef11aafcc07a1c4d6f0390d83') in 0.004796 seconds
Number of updated asset objects reloaded before import = 0
Number of asset objects unloaded after import = 33
========================================================================
Received Import Request.
  Time since last request: 5.851444 seconds.
  path: Assets/Resources/Systems.prefab
  artifactKey: Guid(c3c8dba7bd58e67bfa46847a45a88912) Importer(815301076,1909f56bfc062723c751e8b465ee728b)
Start importing Assets/Resources/Systems.prefab using Guid(c3c8dba7bd58e67bfa46847a45a88912) Importer(815301076,1909f56bfc062723c751e8b465ee728b)  -> (artifact id: '5d55d38639d9c63cbfc273c16a118c65') in 0.004683 seconds
Number of updated asset objects reloaded before import = 0
Number of asset objects unloaded after import = 33
========================================================================
Received Import Request.
  Time since last request: 4.841405 seconds.
  path: Assets/Resources/Systems.prefab
  artifactKey: Guid(c3c8dba7bd58e67bfa46847a45a88912) Importer(815301076,1909f56bfc062723c751e8b465ee728b)
Start importing Assets/Resources/Systems.prefab using Guid(c3c8dba7bd58e67bfa46847a45a88912) Importer(815301076,1909f56bfc062723c751e8b465ee728b)  -> (artifact id: '3e3d45f2b803b5bdeb0f8d3bf2bdd3a6') in 0.005173 seconds
Number of updated asset objects reloaded before import = 0
Number of asset objects unloaded after import = 33
========================================================================
Received Import Request.
  Time since last request: 4.017679 seconds.
  path: Assets/Resources/Systems.prefab
  artifactKey: Guid(c3c8dba7bd58e67bfa46847a45a88912) Importer(815301076,1909f56bfc062723c751e8b465ee728b)
Start importing Assets/Resources/Systems.prefab using Guid(c3c8dba7bd58e67bfa46847a45a88912) Importer(815301076,1909f56bfc062723c751e8b465ee728b)  -> (artifact id: 'fc8ec7840944b587ac842eeffcdb736a') in 0.004822 seconds
Number of updated asset objects reloaded before import = 0
Number of asset objects unloaded after import = 33
========================================================================
Received Prepare
YAML error in 'Assets/Scripts/Class 3 - Movement and Camera Control/CursorControl/Scripts/CursorControl.dll.meta' - Unexpected empty content or blank line when reading mapping.
YAML error in 'Assets/Scripts/Class 3 - Movement and Camera Control/CursorControl/Scripts/CursorControl.dll.meta' - Unexpected empty content or blank line when reading mapping.
Begin MonoManager ReloadAssembly
YAML error in 'Assets/Scripts/Class 3 - Movement and Camera Control/CursorControl/Scripts/CursorControl.dll.meta' - Unexpected empty content or blank line when reading mapping.
YAML error in 'Assets/Scripts/Class 3 - Movement and Camera Control/CursorControl/Scripts/CursorControl.dll.meta' - Unexpected empty content or blank line when reading mapping.
YAML error in 'Assets/Scripts/Class 3 - Movement and Camera Control/CursorControl/Scripts/CursorControl.dll.meta' - Unexpected empty content or blank line when reading mapping.
UnityEngine.StackTraceUtility:ExtractStackTrace ()
UnityEditor.Scripting.ScriptCompilation.PrecompiledAssemblyProviderBase:GetAllPrecompiledAssembliesInternal ()
UnityEditor.Scripting.ScriptCompilation.PrecompiledAssemblyProvider:GetAllPrecompiledAssemblies ()
UnityEditor.AssemblyValidation:CheckAssemblyReferences (string[],UnityEditor.AssemblyValidation/Error[],Mono.Cecil.AssemblyDefinition[],System.Func`2<string, bool>)
UnityEditor.AssemblyValidation:ValidateAssemblyDefinitions (string[],Mono.Cecil.AssemblyDefinition[],System.Func`2<string, bool>)
UnityEditor.AssemblyValidation:ValidateAssemblies (string[],bool)

[C:\build\output\unity\unity\Runtime\Serialize\TransferFunctions\YAMLRead.h line 487]

YAML error in 'Assets/Scripts/Class 3 - Movement and Camera Control/CursorControl/Scripts/CursorControl.dll.meta' - Unexpected empty content or blank line when reading mapping.
UnityEngine.StackTraceUtility:ExtractStackTrace ()
UnityEditor.Scripting.ScriptCompilation.PrecompiledAssemblyProviderBase:GetAllPrecompiledAssembliesInternal ()
UnityEditor.Scripting.ScriptCompilation.PrecompiledAssemblyProvider:GetAllPrecompiledAssemblies ()
UnityEditor.AssemblyValidation:CheckAssemblyReferences (string[],UnityEditor.AssemblyValidation/Error[],Mono.Cecil.AssemblyDefinition[],System.Func`2<string, bool>)
UnityEditor.AssemblyValidation:ValidateAssemblyDefinitions (string[],Mono.Cecil.AssemblyDefinition[],System.Func`2<string, bool>)
UnityEditor.AssemblyValidation:ValidateAssemblies (string[],bool)

[C:\build\output\unity\unity\Runtime\Serialize\TransferFunctions\YAMLRead.h line 487]

Symbol file LoadedFromMemory is not a mono symbol file
- Loaded All Assemblies, in  0.377 seconds
YAML error in 'Assets/Scripts/Class 3 - Movement and Camera Control/CursorControl/Scripts/CursorControl.dll.meta' - Unexpected empty content or blank line when reading mapping.
YAML error in 'Assets/Scripts/Class 3 - Movement and Camera Control/CursorControl/Scripts/CursorControl.dll.meta' - Unexpected empty content or blank line when reading mapping.
Refreshing native plugins compatible for Editor in 8.51 ms, found 3 plugins.
Native extension for WindowsStandalone target not found
[Package Manager] Server::EnsureServerProcessIsRunning -- launch failed, reason: Unity was launched with the -noUpm command-line argument
[Package Manager] UpmClient::Send -- Unable to send message (not connected to UPM process).
[Package Manager] Cannot connect to Unity Package Manager local server
Mono: successfully reloaded assembly
- Finished resetting the current domain, in  0.945 seconds
Domain Reload Profiling: 1320ms
	BeginReloadAssembly (119ms)
		ExecutionOrderSort (0ms)
		DisableScriptedObjects (3ms)
		BackupInstance (0ms)
		ReleaseScriptingObjects (0ms)
		CreateAndSetChildDomain (33ms)
	RebuildCommonClasses (30ms)
	RebuildNativeTypeToScriptingClass (8ms)
	initialDomainReloadingComplete (28ms)
	LoadAllAssembliesAndSetupDomain (190ms)
		LoadAssemblies (235ms)
		RebuildTransferFunctionScriptingTraits (0ms)
		AnalyzeDomain (11ms)
			TypeCache.Refresh (5ms)
				TypeCache.ScanAssembly (0ms)
			ScanForSourceGeneratedMonoScriptInfo (0ms)
			ResolveRequiredComponents (5ms)
	FinalizeReload (946ms)
		ReleaseScriptCaches (0ms)
		RebuildScriptCaches (0ms)
		SetupLoadedEditorAssemblies (456ms)
			LogAssemblyErrors (0ms)
			InitializePlatformSupportModulesInManaged (5ms)
			SetLoadedEditorAssemblies (4ms)
			RefreshPlugins (0ms)
			BeforeProcessingInitializeOnLoad (64ms)
			ProcessInitializeOnLoadAttributes (261ms)
			ProcessInitializeOnLoadMethodAttributes (116ms)
			AfterProcessingInitializeOnLoad (7ms)
			EditorAssembliesLoaded (0ms)
		ExecutionOrderSort2 (0ms)
		AwakeInstancesAfterBackupRestoration (5ms)
YAML error in 'Assets/Scripts/Class 3 - Movement and Camera Control/CursorControl/Scripts/CursorControl.dll.meta' - Unexpected empty content or blank line when reading mapping.
YAML error in 'Assets/Scripts/Class 3 - Movement and Camera Control/CursorControl/Scripts/CursorControl.dll.meta' - Unexpected empty content or blank line when reading mapping.
Refreshing native plugins compatible for Editor in 11.24 ms, found 3 plugins.
Preloading 0 native plugins for Editor in 0.00 ms.
Unloading 4522 Unused Serialized files (Serialized files now loaded: 0)
Unloading 59 unused Assets / (0.8 MB). Loaded Objects now: 5051.
Memory consumption went from 189.2 MB to 188.4 MB.
Total: 8.799200 ms (FindLiveObjects: 0.342800 ms CreateObjectMapping: 0.252600 ms MarkObjects: 7.613900 ms  DeleteObjects: 0.588700 ms)

Prepare: number of updated asset objects reloaded= 0
AssetImportParameters requested are different than current active one (requested -> active):
  custom:container-demuxer-ogg: 62fdf1f143b41e24485cea50d1cbac27 -> 
  custom:video-decoder-ogg-theora: a1e56fd34408186e4bbccfd4996cb3dc -> 
  custom:framework-win-MediaFoundation: 216162199b28c13a410421893ffa2e32 -> 
  custom:CustomObjectIndexerAttribute: 6d391050e5a25f67b0a2c618074f2cd9 -> 
  custom:container-demuxer-webm: 4f35f7cbe854078d1ac9338744f61a02 -> 
  custom:container-muxer-webm: aa71ff27fc2769a1b78a27578f13a17b -> 
  custom:video-decoder-webm-vp8: 9c59270c3fd7afecdb556c50c9e8de78 -> 
  custom:SearchIndexIgnoredProperties: e643bd26f0fe6173181afceb89e7c659 -> 
  custom:AudioImporter_EditorPlatform: d09bf68614088b80899f8185d706f6e7 -> 
  custom:video-encoder-webm-vp8: eb34c28f22e8b96e1ab97ce403110664 -> 
  custom:audio-decoder-ogg-vorbis: bf7c407c2cedff20999df2af8eb42d56 -> 
  custom:audio-encoder-webm-vorbis: bf7c407c2cedff20999df2af8eb42d56 -> 
========================================================================
Received Import Request.
  Time since last request: 1142.369162 seconds.
  path: Assets/Scripts/Class 4 - ControlVariants and Collectables/Ability Variant Scripts/Derived Ability Variants
  artifactKey: Guid(bf270357f2229f94394ef28cb8f6a887) Importer(815301076,1909f56bfc062723c751e8b465ee728b)
Start importing Assets/Scripts/Class 4 - ControlVariants and Collectables/Ability Variant Scripts/Derived Ability Variants using Guid(bf270357f2229f94394ef28cb8f6a887) Importer(815301076,1909f56bfc062723c751e8b465ee728b)  -> (artifact id: '5818e4838b152c3f24b22936a8a5ebe1') in 0.004141 seconds
Number of updated asset objects reloaded before import = 0
Number of asset objects unloaded after import = 0
========================================================================
Received Prepare
YAML error in 'Assets/Scripts/Class 3 - Movement and Camera Control/CursorControl/Scripts/CursorControl.dll.meta' - Unexpected empty content or blank line when reading mapping.
YAML error in 'Assets/Scripts/Class 3 - Movement and Camera Control/CursorControl/Scripts/CursorControl.dll.meta' - Unexpected empty content or blank line when reading mapping.
Begin MonoManager ReloadAssembly
YAML error in 'Assets/Scripts/Class 3 - Movement and Camera Control/CursorControl/Scripts/CursorControl.dll.meta' - Unexpected empty content or blank line when reading mapping.
YAML error in 'Assets/Scripts/Class 3 - Movement and Camera Control/CursorControl/Scripts/CursorControl.dll.meta' - Unexpected empty content or blank line when reading mapping.
YAML error in 'Assets/Scripts/Class 3 - Movement and Camera Control/CursorControl/Scripts/CursorControl.dll.meta' - Unexpected empty content or blank line when reading mapping.
UnityEngine.StackTraceUtility:ExtractStackTrace ()
UnityEditor.Scripting.ScriptCompilation.PrecompiledAssemblyProviderBase:GetAllPrecompiledAssembliesInternal ()
UnityEditor.Scripting.ScriptCompilation.PrecompiledAssemblyProvider:GetAllPrecompiledAssemblies ()
UnityEditor.AssemblyValidation:CheckAssemblyReferences (string[],UnityEditor.AssemblyValidation/Error[],Mono.Cecil.AssemblyDefinition[],System.Func`2<string, bool>)
UnityEditor.AssemblyValidation:ValidateAssemblyDefinitions (string[],Mono.Cecil.AssemblyDefinition[],System.Func`2<string, bool>)
UnityEditor.AssemblyValidation:ValidateAssemblies (string[],bool)

[C:\build\output\unity\unity\Runtime\Serialize\TransferFunctions\YAMLRead.h line 487]

YAML error in 'Assets/Scripts/Class 3 - Movement and Camera Control/CursorControl/Scripts/CursorControl.dll.meta' - Unexpected empty content or blank line when reading mapping.
UnityEngine.StackTraceUtility:ExtractStackTrace ()
UnityEditor.Scripting.ScriptCompilation.PrecompiledAssemblyProviderBase:GetAllPrecompiledAssembliesInternal ()
UnityEditor.Scripting.ScriptCompilation.PrecompiledAssemblyProvider:GetAllPrecompiledAssemblies ()
UnityEditor.AssemblyValidation:CheckAssemblyReferences (string[],UnityEditor.AssemblyValidation/Error[],Mono.Cecil.AssemblyDefinition[],System.Func`2<string, bool>)
UnityEditor.AssemblyValidation:ValidateAssemblyDefinitions (string[],Mono.Cecil.AssemblyDefinition[],System.Func`2<string, bool>)
UnityEditor.AssemblyValidation:ValidateAssemblies (string[],bool)

[C:\build\output\unity\unity\Runtime\Serialize\TransferFunctions\YAMLRead.h line 487]

Symbol file LoadedFromMemory is not a mono symbol file
- Loaded All Assemblies, in  0.382 seconds
YAML error in 'Assets/Scripts/Class 3 - Movement and Camera Control/CursorControl/Scripts/CursorControl.dll.meta' - Unexpected empty content or blank line when reading mapping.
YAML error in 'Assets/Scripts/Class 3 - Movement and Camera Control/CursorControl/Scripts/CursorControl.dll.meta' - Unexpected empty content or blank line when reading mapping.
Refreshing native plugins compatible for Editor in 7.25 ms, found 3 plugins.
Native extension for WindowsStandalone target not found
[Package Manager] Server::EnsureServerProcessIsRunning -- launch failed, reason: Unity was launched with the -noUpm command-line argument
[Package Manager] UpmClient::Send -- Unable to send message (not connected to UPM process).
[Package Manager] Cannot connect to Unity Package Manager local server
Mono: successfully reloaded assembly
- Finished resetting the current domain, in  0.936 seconds
Domain Reload Profiling: 1314ms
	BeginReloadAssembly (125ms)
		ExecutionOrderSort (0ms)
		DisableScriptedObjects (3ms)
		BackupInstance (0ms)
		ReleaseScriptingObjects (0ms)
		CreateAndSetChildDomain (35ms)
	RebuildCommonClasses (24ms)
	RebuildNativeTypeToScriptingClass (8ms)
	initialDomainReloadingComplete (23ms)
	LoadAllAssembliesAndSetupDomain (198ms)
		LoadAssemblies (246ms)
		RebuildTransferFunctionScriptingTraits (0ms)
		AnalyzeDomain (11ms)
			TypeCache.Refresh (6ms)
				TypeCache.ScanAssembly (0ms)
			ScanForSourceGeneratedMonoScriptInfo (0ms)
			ResolveRequiredComponents (4ms)
	FinalizeReload (936ms)
		ReleaseScriptCaches (0ms)
		RebuildScriptCaches (0ms)
		SetupLoadedEditorAssemblies (449ms)
			LogAssemblyErrors (0ms)
			InitializePlatformSupportModulesInManaged (6ms)
			SetLoadedEditorAssemblies (4ms)
			RefreshPlugins (0ms)
			BeforeProcessingInitializeOnLoad (62ms)
			ProcessInitializeOnLoadAttributes (253ms)
			ProcessInitializeOnLoadMethodAttributes (119ms)
			AfterProcessingInitializeOnLoad (5ms)
			EditorAssembliesLoaded (0ms)
		ExecutionOrderSort2 (0ms)
		AwakeInstancesAfterBackupRestoration (5ms)
YAML error in 'Assets/Scripts/Class 3 - Movement and Camera Control/CursorControl/Scripts/CursorControl.dll.meta' - Unexpected empty content or blank line when reading mapping.
YAML error in 'Assets/Scripts/Class 3 - Movement and Camera Control/CursorControl/Scripts/CursorControl.dll.meta' - Unexpected empty content or blank line when reading mapping.
Refreshing native plugins compatible for Editor in 10.72 ms, found 3 plugins.
Preloading 0 native plugins for Editor in 0.00 ms.
Unloading 4522 Unused Serialized files (Serialized files now loaded: 0)
Unloading 59 unused Assets / (0.8 MB). Loaded Objects now: 5054.
Memory consumption went from 191.1 MB to 190.3 MB.
Total: 7.264400 ms (FindLiveObjects: 0.356900 ms CreateObjectMapping: 0.241000 ms MarkObjects: 6.139200 ms  DeleteObjects: 0.526000 ms)

Prepare: number of updated asset objects reloaded= 0
AssetImportParameters requested are different than current active one (requested -> active):
  custom:container-demuxer-ogg: 62fdf1f143b41e24485cea50d1cbac27 -> 
  custom:video-decoder-ogg-theora: a1e56fd34408186e4bbccfd4996cb3dc -> 
  custom:framework-win-MediaFoundation: 216162199b28c13a410421893ffa2e32 -> 
  custom:CustomObjectIndexerAttribute: 6d391050e5a25f67b0a2c618074f2cd9 -> 
  custom:container-demuxer-webm: 4f35f7cbe854078d1ac9338744f61a02 -> 
  custom:container-muxer-webm: aa71ff27fc2769a1b78a27578f13a17b -> 
  custom:video-decoder-webm-vp8: 9c59270c3fd7afecdb556c50c9e8de78 -> 
  custom:SearchIndexIgnoredProperties: e643bd26f0fe6173181afceb89e7c659 -> 
  custom:AudioImporter_EditorPlatform: d09bf68614088b80899f8185d706f6e7 -> 
  custom:video-encoder-webm-vp8: eb34c28f22e8b96e1ab97ce403110664 -> 
  custom:audio-decoder-ogg-vorbis: bf7c407c2cedff20999df2af8eb42d56 -> 
  custom:audio-encoder-webm-vorbis: bf7c407c2cedff20999df2af8eb42d56 -> 
========================================================================
Received Import Request.
  Time since last request: 70.770146 seconds.
  path: Assets/Scripts/Class 4 - ControlVariants and Collectables/Ability Variant Scripts/Derived Ability Variants/ChargeControlVariant.cs
  artifactKey: Guid(88c7eb5d334f0f64b8d30820db4a4ca0) Importer(815301076,1909f56bfc062723c751e8b465ee728b)
Start importing Assets/Scripts/Class 4 - ControlVariants and Collectables/Ability Variant Scripts/Derived Ability Variants/ChargeControlVariant.cs using Guid(88c7eb5d334f0f64b8d30820db4a4ca0) Importer(815301076,1909f56bfc062723c751e8b465ee728b)  -> (artifact id: 'a1e5fbb903a5302be1a014a9d97f7841') in 0.002286 seconds
Number of updated asset objects reloaded before import = 0
Number of asset objects unloaded after import = 0
========================================================================
Received Import Request.
  Time since last request: 135.080107 seconds.
  path: Assets/Scripts/Class 4 - ControlVariants and Collectables/Ability Variant Scripts/Derived Ability Variants/ChargeControlVariant.cs
  artifactKey: Guid(88c7eb5d334f0f64b8d30820db4a4ca0) Importer(815301076,1909f56bfc062723c751e8b465ee728b)
Start importing Assets/Scripts/Class 4 - ControlVariants and Collectables/Ability Variant Scripts/Derived Ability Variants/ChargeControlVariant.cs using Guid(88c7eb5d334f0f64b8d30820db4a4ca0) Importer(815301076,1909f56bfc062723c751e8b465ee728b)  -> (artifact id: '09ea2e24533099c350b22fa82448746f') in 0.000495 seconds
Number of updated asset objects reloaded before import = 0
Number of asset objects unloaded after import = 0
========================================================================
Received Prepare
YAML error in 'Assets/Scripts/Class 3 - Movement and Camera Control/CursorControl/Scripts/CursorControl.dll.meta' - Unexpected empty content or blank line when reading mapping.
YAML error in 'Assets/Scripts/Class 3 - Movement and Camera Control/CursorControl/Scripts/CursorControl.dll.meta' - Unexpected empty content or blank line when reading mapping.
Begin MonoManager ReloadAssembly
YAML error in 'Assets/Scripts/Class 3 - Movement and Camera Control/CursorControl/Scripts/CursorControl.dll.meta' - Unexpected empty content or blank line when reading mapping.
YAML error in 'Assets/Scripts/Class 3 - Movement and Camera Control/CursorControl/Scripts/CursorControl.dll.meta' - Unexpected empty content or blank line when reading mapping.
YAML error in 'Assets/Scripts/Class 3 - Movement and Camera Control/CursorControl/Scripts/CursorControl.dll.meta' - Unexpected empty content or blank line when reading mapping.
UnityEngine.StackTraceUtility:ExtractStackTrace ()
UnityEditor.Scripting.ScriptCompilation.PrecompiledAssemblyProviderBase:GetAllPrecompiledAssembliesInternal ()
UnityEditor.Scripting.ScriptCompilation.PrecompiledAssemblyProvider:GetAllPrecompiledAssemblies ()
UnityEditor.AssemblyValidation:CheckAssemblyReferences (string[],UnityEditor.AssemblyValidation/Error[],Mono.Cecil.AssemblyDefinition[],System.Func`2<string, bool>)
UnityEditor.AssemblyValidation:ValidateAssemblyDefinitions (string[],Mono.Cecil.AssemblyDefinition[],System.Func`2<string, bool>)
UnityEditor.AssemblyValidation:ValidateAssemblies (string[],bool)

[C:\build\output\unity\unity\Runtime\Serialize\TransferFunctions\YAMLRead.h line 487]

YAML error in 'Assets/Scripts/Class 3 - Movement and Camera Control/CursorControl/Scripts/CursorControl.dll.meta' - Unexpected empty content or blank line when reading mapping.
UnityEngine.StackTraceUtility:ExtractStackTrace ()
UnityEditor.Scripting.ScriptCompilation.PrecompiledAssemblyProviderBase:GetAllPrecompiledAssembliesInternal ()
UnityEditor.Scripting.ScriptCompilation.PrecompiledAssemblyProvider:GetAllPrecompiledAssemblies ()
UnityEditor.AssemblyValidation:CheckAssemblyReferences (string[],UnityEditor.AssemblyValidation/Error[],Mono.Cecil.AssemblyDefinition[],System.Func`2<string, bool>)
UnityEditor.AssemblyValidation:ValidateAssemblyDefinitions (string[],Mono.Cecil.AssemblyDefinition[],System.Func`2<string, bool>)
UnityEditor.AssemblyValidation:ValidateAssemblies (string[],bool)

[C:\build\output\unity\unity\Runtime\Serialize\TransferFunctions\YAMLRead.h line 487]

Symbol file LoadedFromMemory is not a mono symbol file
- Loaded All Assemblies, in  0.383 seconds
YAML error in 'Assets/Scripts/Class 3 - Movement and Camera Control/CursorControl/Scripts/CursorControl.dll.meta' - Unexpected empty content or blank line when reading mapping.
YAML error in 'Assets/Scripts/Class 3 - Movement and Camera Control/CursorControl/Scripts/CursorControl.dll.meta' - Unexpected empty content or blank line when reading mapping.
Refreshing native plugins compatible for Editor in 7.46 ms, found 3 plugins.
Native extension for WindowsStandalone target not found
[Package Manager] Server::EnsureServerProcessIsRunning -- launch failed, reason: Unity was launched with the -noUpm command-line argument
[Package Manager] UpmClient::Send -- Unable to send message (not connected to UPM process).
[Package Manager] Cannot connect to Unity Package Manager local server
Mono: successfully reloaded assembly
- Finished resetting the current domain, in  0.819 seconds
Domain Reload Profiling: 1199ms
	BeginReloadAssembly (120ms)
		ExecutionOrderSort (0ms)
		DisableScriptedObjects (3ms)
		BackupInstance (0ms)
		ReleaseScriptingObjects (0ms)
		CreateAndSetChildDomain (30ms)
	RebuildCommonClasses (23ms)
	RebuildNativeTypeToScriptingClass (8ms)
	initialDomainReloadingComplete (22ms)
	LoadAllAssembliesAndSetupDomain (207ms)
		LoadAssemblies (244ms)
		RebuildTransferFunctionScriptingTraits (0ms)
		AnalyzeDomain (20ms)
			TypeCache.Refresh (8ms)
				TypeCache.ScanAssembly (1ms)
			ScanForSourceGeneratedMonoScriptInfo (6ms)
			ResolveRequiredComponents (5ms)
	FinalizeReload (819ms)
		ReleaseScriptCaches (0ms)
		RebuildScriptCaches (0ms)
		SetupLoadedEditorAssemblies (403ms)
			LogAssemblyErrors (0ms)
			InitializePlatformSupportModulesInManaged (5ms)
			SetLoadedEditorAssemblies (4ms)
			RefreshPlugins (0ms)
			BeforeProcessingInitializeOnLoad (62ms)
			ProcessInitializeOnLoadAttributes (232ms)
			ProcessInitializeOnLoadMethodAttributes (95ms)
			AfterProcessingInitializeOnLoad (4ms)
			EditorAssembliesLoaded (0ms)
		ExecutionOrderSort2 (0ms)
		AwakeInstancesAfterBackupRestoration (5ms)
YAML error in 'Assets/Scripts/Class 3 - Movement and Camera Control/CursorControl/Scripts/CursorControl.dll.meta' - Unexpected empty content or blank line when reading mapping.
YAML error in 'Assets/Scripts/Class 3 - Movement and Camera Control/CursorControl/Scripts/CursorControl.dll.meta' - Unexpected empty content or blank line when reading mapping.
Refreshing native plugins compatible for Editor in 9.19 ms, found 3 plugins.
Preloading 0 native plugins for Editor in 0.00 ms.
Unloading 4522 Unused Serialized files (Serialized files now loaded: 0)
Unloading 59 unused Assets / (0.8 MB). Loaded Objects now: 5057.
Memory consumption went from 193.1 MB to 192.2 MB.
Total: 4.954900 ms (FindLiveObjects: 0.417400 ms CreateObjectMapping: 0.262400 ms MarkObjects: 3.975800 ms  DeleteObjects: 0.297700 ms)

Prepare: number of updated asset objects reloaded= 0
AssetImportParameters requested are different than current active one (requested -> active):
  custom:container-demuxer-ogg: 62fdf1f143b41e24485cea50d1cbac27 -> 
  custom:video-decoder-ogg-theora: a1e56fd34408186e4bbccfd4996cb3dc -> 
  custom:framework-win-MediaFoundation: 216162199b28c13a410421893ffa2e32 -> 
  custom:CustomObjectIndexerAttribute: 6d391050e5a25f67b0a2c618074f2cd9 -> 
  custom:container-demuxer-webm: 4f35f7cbe854078d1ac9338744f61a02 -> 
  custom:container-muxer-webm: aa71ff27fc2769a1b78a27578f13a17b -> 
  custom:video-decoder-webm-vp8: 9c59270c3fd7afecdb556c50c9e8de78 -> 
  custom:SearchIndexIgnoredProperties: e643bd26f0fe6173181afceb89e7c659 -> 
  custom:AudioImporter_EditorPlatform: d09bf68614088b80899f8185d706f6e7 -> 
  custom:video-encoder-webm-vp8: eb34c28f22e8b96e1ab97ce403110664 -> 
  custom:audio-decoder-ogg-vorbis: bf7c407c2cedff20999df2af8eb42d56 -> 
  custom:audio-encoder-webm-vorbis: bf7c407c2cedff20999df2af8eb42d56 -> 
========================================================================
Received Prepare
YAML error in 'Assets/Scripts/Class 3 - Movement and Camera Control/CursorControl/Scripts/CursorControl.dll.meta' - Unexpected empty content or blank line when reading mapping.
YAML error in 'Assets/Scripts/Class 3 - Movement and Camera Control/CursorControl/Scripts/CursorControl.dll.meta' - Unexpected empty content or blank line when reading mapping.
Begin MonoManager ReloadAssembly
YAML error in 'Assets/Scripts/Class 3 - Movement and Camera Control/CursorControl/Scripts/CursorControl.dll.meta' - Unexpected empty content or blank line when reading mapping.
YAML error in 'Assets/Scripts/Class 3 - Movement and Camera Control/CursorControl/Scripts/CursorControl.dll.meta' - Unexpected empty content or blank line when reading mapping.
YAML error in 'Assets/Scripts/Class 3 - Movement and Camera Control/CursorControl/Scripts/CursorControl.dll.meta' - Unexpected empty content or blank line when reading mapping.
UnityEngine.StackTraceUtility:ExtractStackTrace ()
UnityEditor.Scripting.ScriptCompilation.PrecompiledAssemblyProviderBase:GetAllPrecompiledAssembliesInternal ()
UnityEditor.Scripting.ScriptCompilation.PrecompiledAssemblyProvider:GetAllPrecompiledAssemblies ()
UnityEditor.AssemblyValidation:CheckAssemblyReferences (string[],UnityEditor.AssemblyValidation/Error[],Mono.Cecil.AssemblyDefinition[],System.Func`2<string, bool>)
UnityEditor.AssemblyValidation:ValidateAssemblyDefinitions (string[],Mono.Cecil.AssemblyDefinition[],System.Func`2<string, bool>)
UnityEditor.AssemblyValidation:ValidateAssemblies (string[],bool)

[C:\build\output\unity\unity\Runtime\Serialize\TransferFunctions\YAMLRead.h line 487]

YAML error in 'Assets/Scripts/Class 3 - Movement and Camera Control/CursorControl/Scripts/CursorControl.dll.meta' - Unexpected empty content or blank line when reading mapping.
UnityEngine.StackTraceUtility:ExtractStackTrace ()
UnityEditor.Scripting.ScriptCompilation.PrecompiledAssemblyProviderBase:GetAllPrecompiledAssembliesInternal ()
UnityEditor.Scripting.ScriptCompilation.PrecompiledAssemblyProvider:GetAllPrecompiledAssemblies ()
UnityEditor.AssemblyValidation:CheckAssemblyReferences (string[],UnityEditor.AssemblyValidation/Error[],Mono.Cecil.AssemblyDefinition[],System.Func`2<string, bool>)
UnityEditor.AssemblyValidation:ValidateAssemblyDefinitions (string[],Mono.Cecil.AssemblyDefinition[],System.Func`2<string, bool>)
UnityEditor.AssemblyValidation:ValidateAssemblies (string[],bool)

[C:\build\output\unity\unity\Runtime\Serialize\TransferFunctions\YAMLRead.h line 487]

Symbol file LoadedFromMemory is not a mono symbol file
- Loaded All Assemblies, in  0.368 seconds
YAML error in 'Assets/Scripts/Class 3 - Movement and Camera Control/CursorControl/Scripts/CursorControl.dll.meta' - Unexpected empty content or blank line when reading mapping.
YAML error in 'Assets/Scripts/Class 3 - Movement and Camera Control/CursorControl/Scripts/CursorControl.dll.meta' - Unexpected empty content or blank line when reading mapping.
Refreshing native plugins compatible for Editor in 7.27 ms, found 3 plugins.
Native extension for WindowsStandalone target not found
[Package Manager] Server::EnsureServerProcessIsRunning -- launch failed, reason: Unity was launched with the -noUpm command-line argument
[Package Manager] UpmClient::Send -- Unable to send message (not connected to UPM process).
[Package Manager] Cannot connect to Unity Package Manager local server
Mono: successfully reloaded assembly
- Finished resetting the current domain, in  0.905 seconds
Domain Reload Profiling: 1270ms
	BeginReloadAssembly (116ms)
		ExecutionOrderSort (0ms)
		DisableScriptedObjects (3ms)
		BackupInstance (0ms)
		ReleaseScriptingObjects (0ms)
		CreateAndSetChildDomain (29ms)
	RebuildCommonClasses (23ms)
	RebuildNativeTypeToScriptingClass (8ms)
	initialDomainReloadingComplete (21ms)
	LoadAllAssembliesAndSetupDomain (197ms)
		LoadAssemblies (243ms)
		RebuildTransferFunctionScriptingTraits (0ms)
		AnalyzeDomain (11ms)
			TypeCache.Refresh (6ms)
				TypeCache.ScanAssembly (0ms)
			ScanForSourceGeneratedMonoScriptInfo (0ms)
			ResolveRequiredComponents (4ms)
	FinalizeReload (905ms)
		ReleaseScriptCaches (0ms)
		RebuildScriptCaches (0ms)
		SetupLoadedEditorAssemblies (449ms)
			LogAssemblyErrors (0ms)
			InitializePlatformSupportModulesInManaged (5ms)
			SetLoadedEditorAssemblies (4ms)
			RefreshPlugins (0ms)
			BeforeProcessingInitializeOnLoad (62ms)
			ProcessInitializeOnLoadAttributes (254ms)
			ProcessInitializeOnLoadMethodAttributes (118ms)
			AfterProcessingInitializeOnLoad (5ms)
			EditorAssembliesLoaded (0ms)
		ExecutionOrderSort2 (0ms)
		AwakeInstancesAfterBackupRestoration (5ms)
YAML error in 'Assets/Scripts/Class 3 - Movement and Camera Control/CursorControl/Scripts/CursorControl.dll.meta' - Unexpected empty content or blank line when reading mapping.
YAML error in 'Assets/Scripts/Class 3 - Movement and Camera Control/CursorControl/Scripts/CursorControl.dll.meta' - Unexpected empty content or blank line when reading mapping.
Refreshing native plugins compatible for Editor in 12.30 ms, found 3 plugins.
Preloading 0 native plugins for Editor in 0.00 ms.
Unloading 4523 Unused Serialized files (Serialized files now loaded: 0)
Unloading 59 unused Assets / (0.8 MB). Loaded Objects now: 5060.
Memory consumption went from 195.3 MB to 194.4 MB.
Total: 6.521700 ms (FindLiveObjects: 0.333800 ms CreateObjectMapping: 0.267900 ms MarkObjects: 5.606700 ms  DeleteObjects: 0.312200 ms)

Prepare: number of updated asset objects reloaded= 0
AssetImportParameters requested are different than current active one (requested -> active):
  custom:container-demuxer-ogg: 62fdf1f143b41e24485cea50d1cbac27 -> 
  custom:video-decoder-ogg-theora: a1e56fd34408186e4bbccfd4996cb3dc -> 
  custom:framework-win-MediaFoundation: 216162199b28c13a410421893ffa2e32 -> 
  custom:CustomObjectIndexerAttribute: 6d391050e5a25f67b0a2c618074f2cd9 -> 
  custom:container-demuxer-webm: 4f35f7cbe854078d1ac9338744f61a02 -> 
  custom:container-muxer-webm: aa71ff27fc2769a1b78a27578f13a17b -> 
  custom:video-decoder-webm-vp8: 9c59270c3fd7afecdb556c50c9e8de78 -> 
  custom:SearchIndexIgnoredProperties: e643bd26f0fe6173181afceb89e7c659 -> 
  custom:AudioImporter_EditorPlatform: d09bf68614088b80899f8185d706f6e7 -> 
  custom:video-encoder-webm-vp8: eb34c28f22e8b96e1ab97ce403110664 -> 
  custom:audio-decoder-ogg-vorbis: bf7c407c2cedff20999df2af8eb42d56 -> 
  custom:audio-encoder-webm-vorbis: bf7c407c2cedff20999df2af8eb42d56 -> 
========================================================================
Received Import Request.
  Time since last request: 244.194799 seconds.
  path: Assets/Scripts/Class 4 - ControlVariants and Collectables/CombatInteractionEntity.cs
  artifactKey: Guid(1b7e244cf6339b34696bfcb8ec45933d) Importer(815301076,1909f56bfc062723c751e8b465ee728b)
Start importing Assets/Scripts/Class 4 - ControlVariants and Collectables/CombatInteractionEntity.cs using Guid(1b7e244cf6339b34696bfcb8ec45933d) Importer(815301076,1909f56bfc062723c751e8b465ee728b)  -> (artifact id: '946a34754fce8301cc456fb38465c374') in 0.002258 seconds
Number of updated asset objects reloaded before import = 0
Number of asset objects unloaded after import = 0
========================================================================
Received Import Request.
  Time since last request: 1525.202987 seconds.
  path: Assets/Asset pack for horror game/Models/fluorescent lamp/fluorescent lamp.fbx
  artifactKey: Guid(e404c1a307050314391b320cb269b60a) Importer(815301076,1909f56bfc062723c751e8b465ee728b)
Start importing Assets/Asset pack for horror game/Models/fluorescent lamp/fluorescent lamp.fbx using Guid(e404c1a307050314391b320cb269b60a) Importer(815301076,1909f56bfc062723c751e8b465ee728b)  -> (artifact id: '9cd071b37fdf62bf1ce9127a42355fac') in 0.110978 seconds
Number of updated asset objects reloaded before import = 0
Number of asset objects unloaded after import = 9
========================================================================
Received Import Request.
  Time since last request: 0.000020 seconds.
  path: Assets/Assets_FenceChained/models/Materials/metal_fence-1.mat
  artifactKey: Guid(7b2405b9286794840873c049383b02fe) Importer(815301076,1909f56bfc062723c751e8b465ee728b)
Start importing Assets/Assets_FenceChained/models/Materials/metal_fence-1.mat using Guid(7b2405b9286794840873c049383b02fe) Importer(815301076,1909f56bfc062723c751e8b465ee728b)  -> (artifact id: '745f3cd4fd8dcb4faf14810142b27837') in 0.206437 seconds
Number of updated asset objects reloaded before import = 0
Number of asset objects unloaded after import = 4
========================================================================
Received Import Request.
  Time since last request: 0.000020 seconds.
  path: Assets/WorldMaterialsFree/Built-In_RPMaterials/PebbledGravel_StandardShader.mat
  artifactKey: Guid(1d0c0bac13326d14a8fb5fda102ea2f7) Importer(815301076,1909f56bfc062723c751e8b465ee728b)
Start importing Assets/WorldMaterialsFree/Built-In_RPMaterials/PebbledGravel_StandardShader.mat using Guid(1d0c0bac13326d14a8fb5fda102ea2f7) Importer(815301076,1909f56bfc062723c751e8b465ee728b)  -> (artifact id: 'c9726bf0667892b834b77fd025d8520e') in 0.204514 seconds
Number of updated asset objects reloaded before import = 0
Number of asset objects unloaded after import = 5
Editor requested this worker to shutdown with reason: Scaling down because of idle timeout
TcpMessagingSession - receive error: operation aborted. errorcode: 995, details: The I/O operation has been aborted because of either a thread exit or an application request.
AssetImportWorker is now disconnected from the server
Process exiting
Exiting without the bug reporter. Application will terminate with return code 0