Using pre-set license
Built from '2022.3/staging' branch; Version is '2022.3.17f1 (4fc78088f837) revision 5228416'; Using compiler version '192829333'; Build Type 'Release'
OS: 'Windows 11  (10.0.22631) 64bit Core' Language: 'en' Physical Memory: 32573 MB
BatchMode: 1, IsHumanControllingUs: 0, StartBugReporterOnCrash: 0, Is64bit: 1, IsPro: 1

COMMAND LINE ARGUMENTS:
C:\Program Files\Unity\Hub\Editor\2022.3.17f1\Editor\Unity.exe
-adb2
-batchMode
-noUpm
-name
AssetImportWorker4
-projectPath
C:/Users/oksan/Documents/Unity/Runner/RunnerGame
-logFile
Logs/AssetImportWorker4.log
-srvPort
61121
Successfully changed project path to: C:/Users/oksan/Documents/Unity/Runner/RunnerGame
C:/Users/oksan/Documents/Unity/Runner/RunnerGame
[UnityMemory] Configuration Parameters - Can be set up in boot.config
    "memorysetup-bucket-allocator-granularity=16"
    "memorysetup-bucket-allocator-bucket-count=8"
    "memorysetup-bucket-allocator-block-size=33554432"
    "memorysetup-bucket-allocator-block-count=8"
    "memorysetup-main-allocator-block-size=16777216"
    "memorysetup-thread-allocator-block-size=16777216"
    "memorysetup-gfx-main-allocator-block-size=16777216"
    "memorysetup-gfx-thread-allocator-block-size=16777216"
    "memorysetup-cache-allocator-block-size=4194304"
    "memorysetup-typetree-allocator-block-size=2097152"
    "memorysetup-profiler-bucket-allocator-granularity=16"
    "memorysetup-profiler-bucket-allocator-bucket-count=8"
    "memorysetup-profiler-bucket-allocator-block-size=33554432"
    "memorysetup-profiler-bucket-allocator-block-count=8"
    "memorysetup-profiler-allocator-block-size=16777216"
    "memorysetup-profiler-editor-allocator-block-size=1048576"
    "memorysetup-temp-allocator-size-main=16777216"
    "memorysetup-job-temp-allocator-block-size=2097152"
    "memorysetup-job-temp-allocator-block-size-background=1048576"
    "memorysetup-job-temp-allocator-reduction-small-platforms=262144"
    "memorysetup-allocator-temp-initial-block-size-main=262144"
    "memorysetup-allocator-temp-initial-block-size-worker=262144"
    "memorysetup-temp-allocator-size-background-worker=32768"
    "memorysetup-temp-allocator-size-job-worker=262144"
    "memorysetup-temp-allocator-size-preload-manager=33554432"
    "memorysetup-temp-allocator-size-nav-mesh-worker=65536"
    "memorysetup-temp-allocator-size-audio-worker=65536"
    "memorysetup-temp-allocator-size-cloud-worker=32768"
    "memorysetup-temp-allocator-size-gi-baking-worker=262144"
    "memorysetup-temp-allocator-size-gfx=262144"
Player connection [29560] Host "[IP] 192.168.4.31 [Port] 0 [Flags] 2 [Guid] 4264459044 [EditorId] 4264459044 [Version] 1048832 [Id] WindowsEditor(7,GameDev) [Debug] 1 [PackageName] WindowsEditor [ProjectName] Editor" joined multi-casting on [225.0.0.222:54997]...

Player connection [29560] Host "[IP] 192.168.4.31 [Port] 0 [Flags] 2 [Guid] 4264459044 [EditorId] 4264459044 [Version] 1048832 [Id] WindowsEditor(7,GameDev) [Debug] 1 [PackageName] WindowsEditor [ProjectName] Editor" joined alternative multi-casting on [225.0.0.222:34997]...

[Physics::Module] Initialized MultithreadedJobDispatcher with 15 workers.
YAML error in 'Assets/Scripts/Class 3 - Movement and Camera Control/CursorControl/Scripts/CursorControl.dll.meta' - Unexpected empty content or blank line when reading mapping.
YAML error in 'Assets/Scripts/Class 3 - Movement and Camera Control/CursorControl/Scripts/CursorControl.dll.meta' - Unexpected empty content or blank line when reading mapping.
Refreshing native plugins compatible for Editor in 13.82 ms, found 3 plugins.
Preloading 0 native plugins for Editor in 0.00 ms.
Initialize engine version: 2022.3.17f1 (4fc78088f837)
[Subsystems] Discovering subsystems at path C:/Program Files/Unity/Hub/Editor/2022.3.17f1/Editor/Data/Resources/UnitySubsystems
[Subsystems] Discovering subsystems at path C:/Users/oksan/Documents/Unity/Runner/RunnerGame/Assets
GfxDevice: creating device client; threaded=0; jobified=0
Direct3D:
    Version:  Direct3D 11.0 [level 11.1]
    Renderer: NVIDIA GeForce RTX 3080 (ID=0x2216)
    Vendor:   NVIDIA
    VRAM:     10067 MB
    Driver:   31.0.15.4584
Initialize mono
Mono path[0] = 'C:/Program Files/Unity/Hub/Editor/2022.3.17f1/Editor/Data/Managed'
Mono path[1] = 'C:/Program Files/Unity/Hub/Editor/2022.3.17f1/Editor/Data/MonoBleedingEdge/lib/mono/unityjit-win32'
Mono config path = 'C:/Program Files/Unity/Hub/Editor/2022.3.17f1/Editor/Data/MonoBleedingEdge/etc'
Using monoOptions --debugger-agent=transport=dt_socket,embedding=1,server=y,suspend=n,address=127.0.0.1:56928
Begin MonoManager ReloadAssembly
Registering precompiled unity dll's ...
Register platform support module: C:/Program Files/Unity/Hub/Editor/2022.3.17f1/Editor/Data/PlaybackEngines/WindowsStandaloneSupport/UnityEditor.WindowsStandalone.Extensions.dll
Registered in 0.004703 seconds.
- Loaded All Assemblies, in  0.321 seconds
Native extension for WindowsStandalone target not found
Mono: successfully reloaded assembly
- Finished resetting the current domain, in  0.205 seconds
Domain Reload Profiling: 525ms
	BeginReloadAssembly (108ms)
		ExecutionOrderSort (0ms)
		DisableScriptedObjects (0ms)
		BackupInstance (0ms)
		ReleaseScriptingObjects (0ms)
		CreateAndSetChildDomain (1ms)
	RebuildCommonClasses (33ms)
	RebuildNativeTypeToScriptingClass (8ms)
	initialDomainReloadingComplete (43ms)
	LoadAllAssembliesAndSetupDomain (127ms)
		LoadAssemblies (107ms)
		RebuildTransferFunctionScriptingTraits (0ms)
		AnalyzeDomain (125ms)
			TypeCache.Refresh (125ms)
				TypeCache.ScanAssembly (112ms)
			ScanForSourceGeneratedMonoScriptInfo (0ms)
			ResolveRequiredComponents (0ms)
	FinalizeReload (206ms)
		ReleaseScriptCaches (0ms)
		RebuildScriptCaches (0ms)
		SetupLoadedEditorAssemblies (164ms)
			LogAssemblyErrors (0ms)
			InitializePlatformSupportModulesInManaged (6ms)
			SetLoadedEditorAssemblies (6ms)
			RefreshPlugins (0ms)
			BeforeProcessingInitializeOnLoad (2ms)
			ProcessInitializeOnLoadAttributes (111ms)
			ProcessInitializeOnLoadMethodAttributes (39ms)
			AfterProcessingInitializeOnLoad (0ms)
			EditorAssembliesLoaded (0ms)
		ExecutionOrderSort2 (0ms)
		AwakeInstancesAfterBackupRestoration (0ms)
YAML error in 'Assets/Scripts/Class 3 - Movement and Camera Control/CursorControl/Scripts/CursorControl.dll.meta' - Unexpected empty content or blank line when reading mapping.
YAML error in 'Assets/Scripts/Class 3 - Movement and Camera Control/CursorControl/Scripts/CursorControl.dll.meta' - Unexpected empty content or blank line when reading mapping.
========================================================================
Worker process is ready to serve import requests
Begin MonoManager ReloadAssembly
YAML error in 'Assets/Scripts/Class 3 - Movement and Camera Control/CursorControl/Scripts/CursorControl.dll.meta' - Unexpected empty content or blank line when reading mapping.
YAML error in 'Assets/Scripts/Class 3 - Movement and Camera Control/CursorControl/Scripts/CursorControl.dll.meta' - Unexpected empty content or blank line when reading mapping.
YAML error in 'Assets/Scripts/Class 3 - Movement and Camera Control/CursorControl/Scripts/CursorControl.dll.meta' - Unexpected empty content or blank line when reading mapping.
UnityEngine.StackTraceUtility:ExtractStackTrace ()
UnityEditor.Scripting.ScriptCompilation.PrecompiledAssemblyProviderBase:GetAllPrecompiledAssembliesInternal ()
UnityEditor.Scripting.ScriptCompilation.PrecompiledAssemblyProvider:GetAllPrecompiledAssemblies ()
UnityEditor.AssemblyValidation:CheckAssemblyReferences (string[],UnityEditor.AssemblyValidation/Error[],Mono.Cecil.AssemblyDefinition[],System.Func`2<string, bool>)
UnityEditor.AssemblyValidation:ValidateAssemblyDefinitions (string[],Mono.Cecil.AssemblyDefinition[],System.Func`2<string, bool>)
UnityEditor.AssemblyValidation:ValidateAssemblies (string[],bool)

[C:\build\output\unity\unity\Runtime\Serialize\TransferFunctions\YAMLRead.h line 487]

YAML error in 'Assets/Scripts/Class 3 - Movement and Camera Control/CursorControl/Scripts/CursorControl.dll.meta' - Unexpected empty content or blank line when reading mapping.
UnityEngine.StackTraceUtility:ExtractStackTrace ()
UnityEditor.Scripting.ScriptCompilation.PrecompiledAssemblyProviderBase:GetAllPrecompiledAssembliesInternal ()
UnityEditor.Scripting.ScriptCompilation.PrecompiledAssemblyProvider:GetAllPrecompiledAssemblies ()
UnityEditor.AssemblyValidation:CheckAssemblyReferences (string[],UnityEditor.AssemblyValidation/Error[],Mono.Cecil.AssemblyDefinition[],System.Func`2<string, bool>)
UnityEditor.AssemblyValidation:ValidateAssemblyDefinitions (string[],Mono.Cecil.AssemblyDefinition[],System.Func`2<string, bool>)
UnityEditor.AssemblyValidation:ValidateAssemblies (string[],bool)

[C:\build\output\unity\unity\Runtime\Serialize\TransferFunctions\YAMLRead.h line 487]

Symbol file LoadedFromMemory is not a mono symbol file
- Loaded All Assemblies, in  0.602 seconds
YAML error in 'Assets/Scripts/Class 3 - Movement and Camera Control/CursorControl/Scripts/CursorControl.dll.meta' - Unexpected empty content or blank line when reading mapping.
YAML error in 'Assets/Scripts/Class 3 - Movement and Camera Control/CursorControl/Scripts/CursorControl.dll.meta' - Unexpected empty content or blank line when reading mapping.
Refreshing native plugins compatible for Editor in 7.16 ms, found 3 plugins.
Native extension for WindowsStandalone target not found
Package Manager log level set to [2]
[Package Manager] Server::EnsureServerProcessIsRunning -- launch failed, reason: Unity was launched with the -noUpm command-line argument
[Package Manager] UpmClient::Send -- Unable to send message (not connected to UPM process).
[Package Manager] Cannot connect to Unity Package Manager local server
Mono: successfully reloaded assembly
- Finished resetting the current domain, in  0.559 seconds
Domain Reload Profiling: 1158ms
	BeginReloadAssembly (109ms)
		ExecutionOrderSort (0ms)
		DisableScriptedObjects (4ms)
		BackupInstance (0ms)
		ReleaseScriptingObjects (0ms)
		CreateAndSetChildDomain (15ms)
	RebuildCommonClasses (25ms)
	RebuildNativeTypeToScriptingClass (8ms)
	initialDomainReloadingComplete (32ms)
	LoadAllAssembliesAndSetupDomain (425ms)
		LoadAssemblies (294ms)
		RebuildTransferFunctionScriptingTraits (0ms)
		AnalyzeDomain (193ms)
			TypeCache.Refresh (166ms)
				TypeCache.ScanAssembly (148ms)
			ScanForSourceGeneratedMonoScriptInfo (23ms)
			ResolveRequiredComponents (4ms)
	FinalizeReload (559ms)
		ReleaseScriptCaches (0ms)
		RebuildScriptCaches (0ms)
		SetupLoadedEditorAssemblies (442ms)
			LogAssemblyErrors (0ms)
			InitializePlatformSupportModulesInManaged (4ms)
			SetLoadedEditorAssemblies (3ms)
			RefreshPlugins (0ms)
			BeforeProcessingInitializeOnLoad (55ms)
			ProcessInitializeOnLoadAttributes (264ms)
			ProcessInitializeOnLoadMethodAttributes (111ms)
			AfterProcessingInitializeOnLoad (5ms)
			EditorAssembliesLoaded (0ms)
		ExecutionOrderSort2 (0ms)
		AwakeInstancesAfterBackupRestoration (5ms)
Launched and connected shader compiler UnityShaderCompiler.exe after 0.03 seconds
YAML error in 'Assets/Scripts/Class 3 - Movement and Camera Control/CursorControl/Scripts/CursorControl.dll.meta' - Unexpected empty content or blank line when reading mapping.
YAML error in 'Assets/Scripts/Class 3 - Movement and Camera Control/CursorControl/Scripts/CursorControl.dll.meta' - Unexpected empty content or blank line when reading mapping.
Refreshing native plugins compatible for Editor in 8.54 ms, found 3 plugins.
Preloading 0 native plugins for Editor in 0.00 ms.
Unloading 4564 Unused Serialized files (Serialized files now loaded: 0)
Unloading 71 unused Assets / (0.8 MB). Loaded Objects now: 5023.
Memory consumption went from 183.5 MB to 182.7 MB.
Total: 5.463200 ms (FindLiveObjects: 0.232300 ms CreateObjectMapping: 0.117300 ms MarkObjects: 4.607500 ms  DeleteObjects: 0.505000 ms)

AssetImportParameters requested are different than current active one (requested -> active):
  custom:container-demuxer-ogg: 62fdf1f143b41e24485cea50d1cbac27 -> 
  custom:video-decoder-ogg-theora: a1e56fd34408186e4bbccfd4996cb3dc -> 
  custom:framework-win-MediaFoundation: 216162199b28c13a410421893ffa2e32 -> 
  custom:CustomObjectIndexerAttribute: 6d391050e5a25f67b0a2c618074f2cd9 -> 
  custom:container-demuxer-webm: 4f35f7cbe854078d1ac9338744f61a02 -> 
  custom:container-muxer-webm: aa71ff27fc2769a1b78a27578f13a17b -> 
  custom:video-decoder-webm-vp8: 9c59270c3fd7afecdb556c50c9e8de78 -> 
  custom:SearchIndexIgnoredProperties: e643bd26f0fe6173181afceb89e7c659 -> 
  custom:AudioImporter_EditorPlatform: d09bf68614088b80899f8185d706f6e7 -> 
  custom:video-encoder-webm-vp8: eb34c28f22e8b96e1ab97ce403110664 -> 
  custom:audio-decoder-ogg-vorbis: bf7c407c2cedff20999df2af8eb42d56 -> 
  custom:audio-encoder-webm-vorbis: bf7c407c2cedff20999df2af8eb42d56 -> 
========================================================================
Received Import Request.
  Time since last request: 160800.030264 seconds.
  path: Assets/Low poly Gems/Texture/Stone4/HDRP URP/Stone4_MaskMap.png
  artifactKey: Guid(db54f306f86ea544f91b85f5ae7e15ee) Importer(815301076,1909f56bfc062723c751e8b465ee728b)
Start importing Assets/Low poly Gems/Texture/Stone4/HDRP URP/Stone4_MaskMap.png using Guid(db54f306f86ea544f91b85f5ae7e15ee) Importer(815301076,1909f56bfc062723c751e8b465ee728b)  -> (artifact id: 'd5aba988fafa0b02e2dc08212402f8a2') in 0.051619 seconds
Number of updated asset objects reloaded before import = 0
Number of asset objects unloaded after import = 2
========================================================================
Received Import Request.
  Time since last request: 295.718825 seconds.
  path: Assets/Scripts/Class 4 - ControlVariants and Collectables/BaseCollectable.cs
  artifactKey: Guid(db647fdba1a6e3e408563ac2f6eb1ba5) Importer(815301076,1909f56bfc062723c751e8b465ee728b)
Start importing Assets/Scripts/Class 4 - ControlVariants and Collectables/BaseCollectable.cs using Guid(db647fdba1a6e3e408563ac2f6eb1ba5) Importer(815301076,1909f56bfc062723c751e8b465ee728b)  -> (artifact id: '44d999c1686d143142aed4e182465af9') in 0.000592 seconds
Number of updated asset objects reloaded before import = 0
Number of asset objects unloaded after import = 0
========================================================================
Received Import Request.
  Time since last request: 73.340161 seconds.
  path: Assets/Scripts/Class 4 - ControlVariants and Collectables/Gem.cs
  artifactKey: Guid(e7e7f1e4b7bfe9242934697ce04a9f22) Importer(815301076,1909f56bfc062723c751e8b465ee728b)
Start importing Assets/Scripts/Class 4 - ControlVariants and Collectables/Gem.cs using Guid(e7e7f1e4b7bfe9242934697ce04a9f22) Importer(815301076,1909f56bfc062723c751e8b465ee728b)  -> (artifact id: '9f9652ec4331d7554f5927a675009f56') in 0.000371 seconds
Number of updated asset objects reloaded before import = 0
Number of asset objects unloaded after import = 0
========================================================================
Received Import Request.
  Time since last request: 5364.296842 seconds.
  path: Assets/Materials/CustomSkyBox.mat
  artifactKey: Guid(4feff3a8dd6085a97bd892f83e478737) Importer(815301076,1909f56bfc062723c751e8b465ee728b)
Start importing Assets/Materials/CustomSkyBox.mat using Guid(4feff3a8dd6085a97bd892f83e478737) Importer(815301076,1909f56bfc062723c751e8b465ee728b)  -> (artifact id: 'cc6cc761feaeca17c863034fb53534aa') in 0.091490 seconds
Number of updated asset objects reloaded before import = 0
Number of asset objects unloaded after import = 1
========================================================================
Received Import Request.
  Time since last request: 0.000025 seconds.
  path: Assets/Materials/Rock.mat
  artifactKey: Guid(252f654bc18fa623989d5893c9fdef1d) Importer(815301076,1909f56bfc062723c751e8b465ee728b)
Start importing Assets/Materials/Rock.mat using Guid(252f654bc18fa623989d5893c9fdef1d) Importer(815301076,1909f56bfc062723c751e8b465ee728b)  -> (artifact id: '83d34ad6f967595b4194ed0c1ac6fcf4') in 0.033905 seconds
Number of updated asset objects reloaded before import = 0
Number of asset objects unloaded after import = 2
========================================================================
Received Import Request.
  Time since last request: 0.000013 seconds.
  path: Assets/Materials/Wood.mat
  artifactKey: Guid(5bb91c6649ca45e1894e4f8fc6d30b57) Importer(815301076,1909f56bfc062723c751e8b465ee728b)
Start importing Assets/Materials/Wood.mat using Guid(5bb91c6649ca45e1894e4f8fc6d30b57) Importer(815301076,1909f56bfc062723c751e8b465ee728b)  -> (artifact id: 'a805290fdb4e30f2866de5a350f460c0') in 0.024882 seconds
Number of updated asset objects reloaded before import = 0
Number of asset objects unloaded after import = 2
========================================================================
Received Import Request.
  Time since last request: 0.000012 seconds.
  path: Assets/Materials/Stone.mat
  artifactKey: Guid(15904a4e2445d2c73a5053f00014f5e3) Importer(815301076,1909f56bfc062723c751e8b465ee728b)
Start importing Assets/Materials/Stone.mat using Guid(15904a4e2445d2c73a5053f00014f5e3) Importer(815301076,1909f56bfc062723c751e8b465ee728b)  -> (artifact id: '194479113bcca02b2aa2679400e82cf8') in 0.019688 seconds
Number of updated asset objects reloaded before import = 0
Number of asset objects unloaded after import = 2
Editor requested this worker to shutdown with reason: Scaling down because of idle timeout
TcpMessagingSession - receive error: operation aborted. errorcode: 995, details: The I/O operation has been aborted because of either a thread exit or an application request.
AssetImportWorker is now disconnected from the server
Process exiting
Exiting without the bug reporter. Application will terminate with return code 0