Using pre-set license
Built from '2022.3/staging' branch; Version is '2022.3.17f1 (4fc78088f837) revision 5228416'; Using compiler version '192829333'; Build Type 'Release'
OS: 'Windows 11  (10.0.22631) 64bit Core' Language: 'en' Physical Memory: 32573 MB
BatchMode: 1, IsHumanControllingUs: 0, StartBugReporterOnCrash: 0, Is64bit: 1, IsPro: 1

COMMAND LINE ARGUMENTS:
C:\Program Files\Unity\Hub\Editor\2022.3.17f1\Editor\Unity.exe
-adb2
-batchMode
-noUpm
-name
AssetImportWorker12
-projectPath
C:/Users/oksan/Documents/Unity/Runner/RunnerGame
-logFile
Logs/AssetImportWorker12.log
-srvPort
61121
Successfully changed project path to: C:/Users/oksan/Documents/Unity/Runner/RunnerGame
C:/Users/oksan/Documents/Unity/Runner/RunnerGame
[UnityMemory] Configuration Parameters - Can be set up in boot.config
    "memorysetup-bucket-allocator-granularity=16"
    "memorysetup-bucket-allocator-bucket-count=8"
    "memorysetup-bucket-allocator-block-size=33554432"
    "memorysetup-bucket-allocator-block-count=8"
    "memorysetup-main-allocator-block-size=16777216"
    "memorysetup-thread-allocator-block-size=16777216"
    "memorysetup-gfx-main-allocator-block-size=16777216"
    "memorysetup-gfx-thread-allocator-block-size=16777216"
    "memorysetup-cache-allocator-block-size=4194304"
    "memorysetup-typetree-allocator-block-size=2097152"
    "memorysetup-profiler-bucket-allocator-granularity=16"
    "memorysetup-profiler-bucket-allocator-bucket-count=8"
    "memorysetup-profiler-bucket-allocator-block-size=33554432"
    "memorysetup-profiler-bucket-allocator-block-count=8"
    "memorysetup-profiler-allocator-block-size=16777216"
    "memorysetup-profiler-editor-allocator-block-size=1048576"
    "memorysetup-temp-allocator-size-main=16777216"
    "memorysetup-job-temp-allocator-block-size=2097152"
    "memorysetup-job-temp-allocator-block-size-background=1048576"
    "memorysetup-job-temp-allocator-reduction-small-platforms=262144"
    "memorysetup-allocator-temp-initial-block-size-main=262144"
    "memorysetup-allocator-temp-initial-block-size-worker=262144"
    "memorysetup-temp-allocator-size-background-worker=32768"
    "memorysetup-temp-allocator-size-job-worker=262144"
    "memorysetup-temp-allocator-size-preload-manager=33554432"
    "memorysetup-temp-allocator-size-nav-mesh-worker=65536"
    "memorysetup-temp-allocator-size-audio-worker=65536"
    "memorysetup-temp-allocator-size-cloud-worker=32768"
    "memorysetup-temp-allocator-size-gi-baking-worker=262144"
    "memorysetup-temp-allocator-size-gfx=262144"
Player connection [35400] Host "[IP] 192.168.4.31 [Port] 0 [Flags] 2 [Guid] 3727480245 [EditorId] 3727480245 [Version] 1048832 [Id] WindowsEditor(7,GameDev) [Debug] 1 [PackageName] WindowsEditor [ProjectName] Editor" joined multi-casting on [225.0.0.222:54997]...

Player connection [35400] Host "[IP] 192.168.4.31 [Port] 0 [Flags] 2 [Guid] 3727480245 [EditorId] 3727480245 [Version] 1048832 [Id] WindowsEditor(7,GameDev) [Debug] 1 [PackageName] WindowsEditor [ProjectName] Editor" joined alternative multi-casting on [225.0.0.222:34997]...

[Physics::Module] Initialized MultithreadedJobDispatcher with 15 workers.
YAML error in 'Assets/Scripts/Class 3 - Movement and Camera Control/CursorControl/Scripts/CursorControl.dll.meta' - Unexpected empty content or blank line when reading mapping.
YAML error in 'Assets/Scripts/Class 3 - Movement and Camera Control/CursorControl/Scripts/CursorControl.dll.meta' - Unexpected empty content or blank line when reading mapping.
Refreshing native plugins compatible for Editor in 16.24 ms, found 3 plugins.
Preloading 0 native plugins for Editor in 0.00 ms.
Initialize engine version: 2022.3.17f1 (4fc78088f837)
[Subsystems] Discovering subsystems at path C:/Program Files/Unity/Hub/Editor/2022.3.17f1/Editor/Data/Resources/UnitySubsystems
[Subsystems] Discovering subsystems at path C:/Users/oksan/Documents/Unity/Runner/RunnerGame/Assets
GfxDevice: creating device client; threaded=0; jobified=0
Direct3D:
    Version:  Direct3D 11.0 [level 11.1]
    Renderer: NVIDIA GeForce RTX 3080 (ID=0x2216)
    Vendor:   NVIDIA
    VRAM:     10067 MB
    Driver:   31.0.15.4584
Initialize mono
Mono path[0] = 'C:/Program Files/Unity/Hub/Editor/2022.3.17f1/Editor/Data/Managed'
Mono path[1] = 'C:/Program Files/Unity/Hub/Editor/2022.3.17f1/Editor/Data/MonoBleedingEdge/lib/mono/unityjit-win32'
Mono config path = 'C:/Program Files/Unity/Hub/Editor/2022.3.17f1/Editor/Data/MonoBleedingEdge/etc'
Using monoOptions --debugger-agent=transport=dt_socket,embedding=1,server=y,suspend=n,address=127.0.0.1:56136
Begin MonoManager ReloadAssembly
Registering precompiled unity dll's ...
Register platform support module: C:/Program Files/Unity/Hub/Editor/2022.3.17f1/Editor/Data/PlaybackEngines/WindowsStandaloneSupport/UnityEditor.WindowsStandalone.Extensions.dll
Registered in 0.004551 seconds.
- Loaded All Assemblies, in  0.258 seconds
Native extension for WindowsStandalone target not found
Mono: successfully reloaded assembly
- Finished resetting the current domain, in  0.190 seconds
Domain Reload Profiling: 446ms
	BeginReloadAssembly (82ms)
		ExecutionOrderSort (0ms)
		DisableScriptedObjects (0ms)
		BackupInstance (0ms)
		ReleaseScriptingObjects (0ms)
		CreateAndSetChildDomain (1ms)
	RebuildCommonClasses (25ms)
	RebuildNativeTypeToScriptingClass (8ms)
	initialDomainReloadingComplete (43ms)
	LoadAllAssembliesAndSetupDomain (99ms)
		LoadAssemblies (80ms)
		RebuildTransferFunctionScriptingTraits (0ms)
		AnalyzeDomain (97ms)
			TypeCache.Refresh (97ms)
				TypeCache.ScanAssembly (87ms)
			ScanForSourceGeneratedMonoScriptInfo (0ms)
			ResolveRequiredComponents (0ms)
	FinalizeReload (190ms)
		ReleaseScriptCaches (0ms)
		RebuildScriptCaches (0ms)
		SetupLoadedEditorAssemblies (149ms)
			LogAssemblyErrors (0ms)
			InitializePlatformSupportModulesInManaged (6ms)
			SetLoadedEditorAssemblies (6ms)
			RefreshPlugins (0ms)
			BeforeProcessingInitializeOnLoad (1ms)
			ProcessInitializeOnLoadAttributes (101ms)
			ProcessInitializeOnLoadMethodAttributes (34ms)
			AfterProcessingInitializeOnLoad (0ms)
			EditorAssembliesLoaded (0ms)
		ExecutionOrderSort2 (0ms)
		AwakeInstancesAfterBackupRestoration (0ms)
YAML error in 'Assets/Scripts/Class 3 - Movement and Camera Control/CursorControl/Scripts/CursorControl.dll.meta' - Unexpected empty content or blank line when reading mapping.
YAML error in 'Assets/Scripts/Class 3 - Movement and Camera Control/CursorControl/Scripts/CursorControl.dll.meta' - Unexpected empty content or blank line when reading mapping.
========================================================================
Worker process is ready to serve import requests
Begin MonoManager ReloadAssembly
YAML error in 'Assets/Scripts/Class 3 - Movement and Camera Control/CursorControl/Scripts/CursorControl.dll.meta' - Unexpected empty content or blank line when reading mapping.
YAML error in 'Assets/Scripts/Class 3 - Movement and Camera Control/CursorControl/Scripts/CursorControl.dll.meta' - Unexpected empty content or blank line when reading mapping.
YAML error in 'Assets/Scripts/Class 3 - Movement and Camera Control/CursorControl/Scripts/CursorControl.dll.meta' - Unexpected empty content or blank line when reading mapping.
UnityEngine.StackTraceUtility:ExtractStackTrace ()
UnityEditor.Scripting.ScriptCompilation.PrecompiledAssemblyProviderBase:GetAllPrecompiledAssembliesInternal ()
UnityEditor.Scripting.ScriptCompilation.PrecompiledAssemblyProvider:GetAllPrecompiledAssemblies ()
UnityEditor.AssemblyValidation:CheckAssemblyReferences (string[],UnityEditor.AssemblyValidation/Error[],Mono.Cecil.AssemblyDefinition[],System.Func`2<string, bool>)
UnityEditor.AssemblyValidation:ValidateAssemblyDefinitions (string[],Mono.Cecil.AssemblyDefinition[],System.Func`2<string, bool>)
UnityEditor.AssemblyValidation:ValidateAssemblies (string[],bool)

[C:\build\output\unity\unity\Runtime\Serialize\TransferFunctions\YAMLRead.h line 487]

YAML error in 'Assets/Scripts/Class 3 - Movement and Camera Control/CursorControl/Scripts/CursorControl.dll.meta' - Unexpected empty content or blank line when reading mapping.
UnityEngine.StackTraceUtility:ExtractStackTrace ()
UnityEditor.Scripting.ScriptCompilation.PrecompiledAssemblyProviderBase:GetAllPrecompiledAssembliesInternal ()
UnityEditor.Scripting.ScriptCompilation.PrecompiledAssemblyProvider:GetAllPrecompiledAssemblies ()
UnityEditor.AssemblyValidation:CheckAssemblyReferences (string[],UnityEditor.AssemblyValidation/Error[],Mono.Cecil.AssemblyDefinition[],System.Func`2<string, bool>)
UnityEditor.AssemblyValidation:ValidateAssemblyDefinitions (string[],Mono.Cecil.AssemblyDefinition[],System.Func`2<string, bool>)
UnityEditor.AssemblyValidation:ValidateAssemblies (string[],bool)

[C:\build\output\unity\unity\Runtime\Serialize\TransferFunctions\YAMLRead.h line 487]

Symbol file LoadedFromMemory is not a mono symbol file
- Loaded All Assemblies, in  0.529 seconds
YAML error in 'Assets/Scripts/Class 3 - Movement and Camera Control/CursorControl/Scripts/CursorControl.dll.meta' - Unexpected empty content or blank line when reading mapping.
YAML error in 'Assets/Scripts/Class 3 - Movement and Camera Control/CursorControl/Scripts/CursorControl.dll.meta' - Unexpected empty content or blank line when reading mapping.
Refreshing native plugins compatible for Editor in 6.90 ms, found 3 plugins.
Native extension for WindowsStandalone target not found
Package Manager log level set to [2]
[Package Manager] Server::EnsureServerProcessIsRunning -- launch failed, reason: Unity was launched with the -noUpm command-line argument
[Package Manager] UpmClient::Send -- Unable to send message (not connected to UPM process).
[Package Manager] Cannot connect to Unity Package Manager local server
Mono: successfully reloaded assembly
- Finished resetting the current domain, in  0.526 seconds
Domain Reload Profiling: 1052ms
	BeginReloadAssembly (100ms)
		ExecutionOrderSort (0ms)
		DisableScriptedObjects (4ms)
		BackupInstance (0ms)
		ReleaseScriptingObjects (0ms)
		CreateAndSetChildDomain (14ms)
	RebuildCommonClasses (25ms)
	RebuildNativeTypeToScriptingClass (8ms)
	initialDomainReloadingComplete (32ms)
	LoadAllAssembliesAndSetupDomain (361ms)
		LoadAssemblies (268ms)
		RebuildTransferFunctionScriptingTraits (0ms)
		AnalyzeDomain (151ms)
			TypeCache.Refresh (129ms)
				TypeCache.ScanAssembly (115ms)
			ScanForSourceGeneratedMonoScriptInfo (18ms)
			ResolveRequiredComponents (4ms)
	FinalizeReload (527ms)
		ReleaseScriptCaches (0ms)
		RebuildScriptCaches (0ms)
		SetupLoadedEditorAssemblies (416ms)
			LogAssemblyErrors (0ms)
			InitializePlatformSupportModulesInManaged (4ms)
			SetLoadedEditorAssemblies (3ms)
			RefreshPlugins (0ms)
			BeforeProcessingInitializeOnLoad (56ms)
			ProcessInitializeOnLoadAttributes (256ms)
			ProcessInitializeOnLoadMethodAttributes (91ms)
			AfterProcessingInitializeOnLoad (5ms)
			EditorAssembliesLoaded (0ms)
		ExecutionOrderSort2 (0ms)
		AwakeInstancesAfterBackupRestoration (5ms)
Launched and connected shader compiler UnityShaderCompiler.exe after 0.02 seconds
YAML error in 'Assets/Scripts/Class 3 - Movement and Camera Control/CursorControl/Scripts/CursorControl.dll.meta' - Unexpected empty content or blank line when reading mapping.
YAML error in 'Assets/Scripts/Class 3 - Movement and Camera Control/CursorControl/Scripts/CursorControl.dll.meta' - Unexpected empty content or blank line when reading mapping.
Refreshing native plugins compatible for Editor in 6.78 ms, found 3 plugins.
Preloading 0 native plugins for Editor in 0.00 ms.
Unloading 4564 Unused Serialized files (Serialized files now loaded: 0)
Unloading 71 unused Assets / (0.8 MB). Loaded Objects now: 5023.
Memory consumption went from 183.5 MB to 182.7 MB.
Total: 4.958800 ms (FindLiveObjects: 0.257700 ms CreateObjectMapping: 0.126800 ms MarkObjects: 4.314800 ms  DeleteObjects: 0.258800 ms)

AssetImportParameters requested are different than current active one (requested -> active):
  custom:container-demuxer-ogg: 62fdf1f143b41e24485cea50d1cbac27 -> 
  custom:video-decoder-ogg-theora: a1e56fd34408186e4bbccfd4996cb3dc -> 
  custom:framework-win-MediaFoundation: 216162199b28c13a410421893ffa2e32 -> 
  custom:CustomObjectIndexerAttribute: 6d391050e5a25f67b0a2c618074f2cd9 -> 
  custom:container-demuxer-webm: 4f35f7cbe854078d1ac9338744f61a02 -> 
  custom:container-muxer-webm: aa71ff27fc2769a1b78a27578f13a17b -> 
  custom:video-decoder-webm-vp8: 9c59270c3fd7afecdb556c50c9e8de78 -> 
  custom:SearchIndexIgnoredProperties: e643bd26f0fe6173181afceb89e7c659 -> 
  custom:AudioImporter_EditorPlatform: d09bf68614088b80899f8185d706f6e7 -> 
  custom:video-encoder-webm-vp8: eb34c28f22e8b96e1ab97ce403110664 -> 
  custom:audio-decoder-ogg-vorbis: bf7c407c2cedff20999df2af8eb42d56 -> 
  custom:audio-encoder-webm-vorbis: bf7c407c2cedff20999df2af8eb42d56 -> 
========================================================================
Received Import Request.
  Time since last request: 171026.242928 seconds.
  path: Assets/Scripts/Class 4 - ControlVariants and Collectables/BaseCollectableContainer.cs
  artifactKey: Guid(ec1b68563a62abc418a39f7adc612726) Importer(815301076,1909f56bfc062723c751e8b465ee728b)
Start importing Assets/Scripts/Class 4 - ControlVariants and Collectables/BaseCollectableContainer.cs using Guid(ec1b68563a62abc418a39f7adc612726) Importer(815301076,1909f56bfc062723c751e8b465ee728b)  -> (artifact id: '7fd25fcf318fad4ee825bce74ab41177') in 0.002314 seconds
Number of updated asset objects reloaded before import = 0
Number of asset objects unloaded after import = 0
========================================================================
Received Import Request.
  Time since last request: 73.383032 seconds.
  path: Assets/Prefabs
  artifactKey: Guid(223f9e62a2eb6ae45bfab537e37b5c39) Importer(815301076,1909f56bfc062723c751e8b465ee728b)
Start importing Assets/Prefabs using Guid(223f9e62a2eb6ae45bfab537e37b5c39) Importer(815301076,1909f56bfc062723c751e8b465ee728b)  -> (artifact id: 'af3c2433c7047ee361487b379e3462b5') in 0.000467 seconds
Number of updated asset objects reloaded before import = 0
Number of asset objects unloaded after import = 0
========================================================================
Received Import Request.
  Time since last request: 14.962053 seconds.
  path: Assets/Prefabs/Gem Prefab.prefab
  artifactKey: Guid(1f7597de2e4100c42bd1a8280c080840) Importer(815301076,1909f56bfc062723c751e8b465ee728b)
Start importing Assets/Prefabs/Gem Prefab.prefab using Guid(1f7597de2e4100c42bd1a8280c080840) Importer(815301076,1909f56bfc062723c751e8b465ee728b)  -> (artifact id: '973d0191b255cc2fe0268f6feac17176') in 0.107426 seconds
Number of updated asset objects reloaded before import = 0
Number of asset objects unloaded after import = 23
========================================================================
Received Import Request.
  Time since last request: 273.767995 seconds.
  path: Assets/Scripts/Class 4 - ControlVariants and Collectables/ChargePot.cs
  artifactKey: Guid(82ab70e89fbdf804286b9930b6d37eca) Importer(815301076,1909f56bfc062723c751e8b465ee728b)
Start importing Assets/Scripts/Class 4 - ControlVariants and Collectables/ChargePot.cs using Guid(82ab70e89fbdf804286b9930b6d37eca) Importer(815301076,1909f56bfc062723c751e8b465ee728b)  -> (artifact id: '3c51f8d0e890159c1d5f0ac900f056bc') in 0.000646 seconds
Number of updated asset objects reloaded before import = 0
Number of asset objects unloaded after import = 0
========================================================================
Received Import Request.
  Time since last request: 20.299645 seconds.
  path: Assets/Scripts/Class 4 - ControlVariants and Collectables/CombatInterface.cs
  artifactKey: Guid(a7b186959f1487b42a05b274023d8541) Importer(815301076,1909f56bfc062723c751e8b465ee728b)
Start importing Assets/Scripts/Class 4 - ControlVariants and Collectables/CombatInterface.cs using Guid(a7b186959f1487b42a05b274023d8541) Importer(815301076,1909f56bfc062723c751e8b465ee728b)  -> (artifact id: 'd4cd36e3c9d1a08a7437a4a1186ca9cc') in 0.000386 seconds
Number of updated asset objects reloaded before import = 0
Number of asset objects unloaded after import = 0
========================================================================
Received Import Request.
  Time since last request: 160.758463 seconds.
  path: Assets/Prefabs/Charge Combat Interface.prefab
  artifactKey: Guid(523078251e40baf48b62b3ae3840d842) Importer(815301076,1909f56bfc062723c751e8b465ee728b)
Start importing Assets/Prefabs/Charge Combat Interface.prefab using Guid(523078251e40baf48b62b3ae3840d842) Importer(815301076,1909f56bfc062723c751e8b465ee728b)  -> (artifact id: '16082ad8f776c485539c8bea6a962928') in 0.002619 seconds
Number of updated asset objects reloaded before import = 0
Number of asset objects unloaded after import = 7
========================================================================
Received Prepare
YAML error in 'Assets/Scripts/Class 3 - Movement and Camera Control/CursorControl/Scripts/CursorControl.dll.meta' - Unexpected empty content or blank line when reading mapping.
YAML error in 'Assets/Scripts/Class 3 - Movement and Camera Control/CursorControl/Scripts/CursorControl.dll.meta' - Unexpected empty content or blank line when reading mapping.
Begin MonoManager ReloadAssembly
YAML error in 'Assets/Scripts/Class 3 - Movement and Camera Control/CursorControl/Scripts/CursorControl.dll.meta' - Unexpected empty content or blank line when reading mapping.
YAML error in 'Assets/Scripts/Class 3 - Movement and Camera Control/CursorControl/Scripts/CursorControl.dll.meta' - Unexpected empty content or blank line when reading mapping.
YAML error in 'Assets/Scripts/Class 3 - Movement and Camera Control/CursorControl/Scripts/CursorControl.dll.meta' - Unexpected empty content or blank line when reading mapping.
UnityEngine.StackTraceUtility:ExtractStackTrace ()
UnityEditor.Scripting.ScriptCompilation.PrecompiledAssemblyProviderBase:GetAllPrecompiledAssembliesInternal ()
UnityEditor.Scripting.ScriptCompilation.PrecompiledAssemblyProvider:GetAllPrecompiledAssemblies ()
UnityEditor.AssemblyValidation:CheckAssemblyReferences (string[],UnityEditor.AssemblyValidation/Error[],Mono.Cecil.AssemblyDefinition[],System.Func`2<string, bool>)
UnityEditor.AssemblyValidation:ValidateAssemblyDefinitions (string[],Mono.Cecil.AssemblyDefinition[],System.Func`2<string, bool>)
UnityEditor.AssemblyValidation:ValidateAssemblies (string[],bool)

[C:\build\output\unity\unity\Runtime\Serialize\TransferFunctions\YAMLRead.h line 487]

YAML error in 'Assets/Scripts/Class 3 - Movement and Camera Control/CursorControl/Scripts/CursorControl.dll.meta' - Unexpected empty content or blank line when reading mapping.
UnityEngine.StackTraceUtility:ExtractStackTrace ()
UnityEditor.Scripting.ScriptCompilation.PrecompiledAssemblyProviderBase:GetAllPrecompiledAssembliesInternal ()
UnityEditor.Scripting.ScriptCompilation.PrecompiledAssemblyProvider:GetAllPrecompiledAssemblies ()
UnityEditor.AssemblyValidation:CheckAssemblyReferences (string[],UnityEditor.AssemblyValidation/Error[],Mono.Cecil.AssemblyDefinition[],System.Func`2<string, bool>)
UnityEditor.AssemblyValidation:ValidateAssemblyDefinitions (string[],Mono.Cecil.AssemblyDefinition[],System.Func`2<string, bool>)
UnityEditor.AssemblyValidation:ValidateAssemblies (string[],bool)

[C:\build\output\unity\unity\Runtime\Serialize\TransferFunctions\YAMLRead.h line 487]

Symbol file LoadedFromMemory is not a mono symbol file
- Loaded All Assemblies, in  0.393 seconds
YAML error in 'Assets/Scripts/Class 3 - Movement and Camera Control/CursorControl/Scripts/CursorControl.dll.meta' - Unexpected empty content or blank line when reading mapping.
YAML error in 'Assets/Scripts/Class 3 - Movement and Camera Control/CursorControl/Scripts/CursorControl.dll.meta' - Unexpected empty content or blank line when reading mapping.
Refreshing native plugins compatible for Editor in 7.20 ms, found 3 plugins.
Native extension for WindowsStandalone target not found
[Package Manager] Server::EnsureServerProcessIsRunning -- launch failed, reason: Unity was launched with the -noUpm command-line argument
[Package Manager] UpmClient::Send -- Unable to send message (not connected to UPM process).
[Package Manager] Cannot connect to Unity Package Manager local server
Mono: successfully reloaded assembly
- Finished resetting the current domain, in  0.932 seconds
Domain Reload Profiling: 1323ms
	BeginReloadAssembly (136ms)
		ExecutionOrderSort (0ms)
		DisableScriptedObjects (3ms)
		BackupInstance (0ms)
		ReleaseScriptingObjects (0ms)
		CreateAndSetChildDomain (35ms)
	RebuildCommonClasses (36ms)
	RebuildNativeTypeToScriptingClass (8ms)
	initialDomainReloadingComplete (22ms)
	LoadAllAssembliesAndSetupDomain (188ms)
		LoadAssemblies (248ms)
		RebuildTransferFunctionScriptingTraits (0ms)
		AnalyzeDomain (10ms)
			TypeCache.Refresh (5ms)
				TypeCache.ScanAssembly (0ms)
			ScanForSourceGeneratedMonoScriptInfo (0ms)
			ResolveRequiredComponents (4ms)
	FinalizeReload (932ms)
		ReleaseScriptCaches (0ms)
		RebuildScriptCaches (0ms)
		SetupLoadedEditorAssemblies (468ms)
			LogAssemblyErrors (0ms)
			InitializePlatformSupportModulesInManaged (5ms)
			SetLoadedEditorAssemblies (4ms)
			RefreshPlugins (0ms)
			BeforeProcessingInitializeOnLoad (66ms)
			ProcessInitializeOnLoadAttributes (267ms)
			ProcessInitializeOnLoadMethodAttributes (122ms)
			AfterProcessingInitializeOnLoad (5ms)
			EditorAssembliesLoaded (0ms)
		ExecutionOrderSort2 (0ms)
		AwakeInstancesAfterBackupRestoration (5ms)
YAML error in 'Assets/Scripts/Class 3 - Movement and Camera Control/CursorControl/Scripts/CursorControl.dll.meta' - Unexpected empty content or blank line when reading mapping.
YAML error in 'Assets/Scripts/Class 3 - Movement and Camera Control/CursorControl/Scripts/CursorControl.dll.meta' - Unexpected empty content or blank line when reading mapping.
Refreshing native plugins compatible for Editor in 8.58 ms, found 3 plugins.
Preloading 0 native plugins for Editor in 0.00 ms.
Unloading 4522 Unused Serialized files (Serialized files now loaded: 0)
Unloading 59 unused Assets / (0.8 MB). Loaded Objects now: 5034.
Memory consumption went from 180.3 MB to 179.5 MB.
Total: 5.306100 ms (FindLiveObjects: 0.247000 ms CreateObjectMapping: 0.121900 ms MarkObjects: 4.664300 ms  DeleteObjects: 0.271900 ms)

Prepare: number of updated asset objects reloaded= 0
AssetImportParameters requested are different than current active one (requested -> active):
  custom:container-demuxer-ogg: 62fdf1f143b41e24485cea50d1cbac27 -> 
  custom:video-decoder-ogg-theora: a1e56fd34408186e4bbccfd4996cb3dc -> 
  custom:framework-win-MediaFoundation: 216162199b28c13a410421893ffa2e32 -> 
  custom:CustomObjectIndexerAttribute: 6d391050e5a25f67b0a2c618074f2cd9 -> 
  custom:container-demuxer-webm: 4f35f7cbe854078d1ac9338744f61a02 -> 
  custom:container-muxer-webm: aa71ff27fc2769a1b78a27578f13a17b -> 
  custom:video-decoder-webm-vp8: 9c59270c3fd7afecdb556c50c9e8de78 -> 
  custom:SearchIndexIgnoredProperties: e643bd26f0fe6173181afceb89e7c659 -> 
  custom:AudioImporter_EditorPlatform: d09bf68614088b80899f8185d706f6e7 -> 
  custom:video-encoder-webm-vp8: eb34c28f22e8b96e1ab97ce403110664 -> 
  custom:audio-decoder-ogg-vorbis: bf7c407c2cedff20999df2af8eb42d56 -> 
  custom:audio-encoder-webm-vorbis: bf7c407c2cedff20999df2af8eb42d56 -> 
========================================================================
Received Prepare
YAML error in 'Assets/Scripts/Class 3 - Movement and Camera Control/CursorControl/Scripts/CursorControl.dll.meta' - Unexpected empty content or blank line when reading mapping.
YAML error in 'Assets/Scripts/Class 3 - Movement and Camera Control/CursorControl/Scripts/CursorControl.dll.meta' - Unexpected empty content or blank line when reading mapping.
Begin MonoManager ReloadAssembly
YAML error in 'Assets/Scripts/Class 3 - Movement and Camera Control/CursorControl/Scripts/CursorControl.dll.meta' - Unexpected empty content or blank line when reading mapping.
YAML error in 'Assets/Scripts/Class 3 - Movement and Camera Control/CursorControl/Scripts/CursorControl.dll.meta' - Unexpected empty content or blank line when reading mapping.
YAML error in 'Assets/Scripts/Class 3 - Movement and Camera Control/CursorControl/Scripts/CursorControl.dll.meta' - Unexpected empty content or blank line when reading mapping.
UnityEngine.StackTraceUtility:ExtractStackTrace ()
UnityEditor.Scripting.ScriptCompilation.PrecompiledAssemblyProviderBase:GetAllPrecompiledAssembliesInternal ()
UnityEditor.Scripting.ScriptCompilation.PrecompiledAssemblyProvider:GetAllPrecompiledAssemblies ()
UnityEditor.AssemblyValidation:CheckAssemblyReferences (string[],UnityEditor.AssemblyValidation/Error[],Mono.Cecil.AssemblyDefinition[],System.Func`2<string, bool>)
UnityEditor.AssemblyValidation:ValidateAssemblyDefinitions (string[],Mono.Cecil.AssemblyDefinition[],System.Func`2<string, bool>)
UnityEditor.AssemblyValidation:ValidateAssemblies (string[],bool)

[C:\build\output\unity\unity\Runtime\Serialize\TransferFunctions\YAMLRead.h line 487]

YAML error in 'Assets/Scripts/Class 3 - Movement and Camera Control/CursorControl/Scripts/CursorControl.dll.meta' - Unexpected empty content or blank line when reading mapping.
UnityEngine.StackTraceUtility:ExtractStackTrace ()
UnityEditor.Scripting.ScriptCompilation.PrecompiledAssemblyProviderBase:GetAllPrecompiledAssembliesInternal ()
UnityEditor.Scripting.ScriptCompilation.PrecompiledAssemblyProvider:GetAllPrecompiledAssemblies ()
UnityEditor.AssemblyValidation:CheckAssemblyReferences (string[],UnityEditor.AssemblyValidation/Error[],Mono.Cecil.AssemblyDefinition[],System.Func`2<string, bool>)
UnityEditor.AssemblyValidation:ValidateAssemblyDefinitions (string[],Mono.Cecil.AssemblyDefinition[],System.Func`2<string, bool>)
UnityEditor.AssemblyValidation:ValidateAssemblies (string[],bool)

[C:\build\output\unity\unity\Runtime\Serialize\TransferFunctions\YAMLRead.h line 487]

Symbol file LoadedFromMemory is not a mono symbol file
- Loaded All Assemblies, in  0.369 seconds
YAML error in 'Assets/Scripts/Class 3 - Movement and Camera Control/CursorControl/Scripts/CursorControl.dll.meta' - Unexpected empty content or blank line when reading mapping.
YAML error in 'Assets/Scripts/Class 3 - Movement and Camera Control/CursorControl/Scripts/CursorControl.dll.meta' - Unexpected empty content or blank line when reading mapping.
Refreshing native plugins compatible for Editor in 7.04 ms, found 3 plugins.
Native extension for WindowsStandalone target not found
[Package Manager] Server::EnsureServerProcessIsRunning -- launch failed, reason: Unity was launched with the -noUpm command-line argument
[Package Manager] UpmClient::Send -- Unable to send message (not connected to UPM process).
[Package Manager] Cannot connect to Unity Package Manager local server
Mono: successfully reloaded assembly
- Finished resetting the current domain, in  0.955 seconds
Domain Reload Profiling: 1322ms
	BeginReloadAssembly (122ms)
		ExecutionOrderSort (0ms)
		DisableScriptedObjects (4ms)
		BackupInstance (0ms)
		ReleaseScriptingObjects (0ms)
		CreateAndSetChildDomain (28ms)
	RebuildCommonClasses (24ms)
	RebuildNativeTypeToScriptingClass (8ms)
	initialDomainReloadingComplete (26ms)
	LoadAllAssembliesAndSetupDomain (187ms)
		LoadAssemblies (240ms)
		RebuildTransferFunctionScriptingTraits (0ms)
		AnalyzeDomain (10ms)
			TypeCache.Refresh (5ms)
				TypeCache.ScanAssembly (0ms)
			ScanForSourceGeneratedMonoScriptInfo (0ms)
			ResolveRequiredComponents (4ms)
	FinalizeReload (956ms)
		ReleaseScriptCaches (0ms)
		RebuildScriptCaches (0ms)
		SetupLoadedEditorAssemblies (488ms)
			LogAssemblyErrors (0ms)
			InitializePlatformSupportModulesInManaged (5ms)
			SetLoadedEditorAssemblies (4ms)
			RefreshPlugins (0ms)
			BeforeProcessingInitializeOnLoad (64ms)
			ProcessInitializeOnLoadAttributes (266ms)
			ProcessInitializeOnLoadMethodAttributes (143ms)
			AfterProcessingInitializeOnLoad (5ms)
			EditorAssembliesLoaded (0ms)
		ExecutionOrderSort2 (0ms)
		AwakeInstancesAfterBackupRestoration (7ms)
YAML error in 'Assets/Scripts/Class 3 - Movement and Camera Control/CursorControl/Scripts/CursorControl.dll.meta' - Unexpected empty content or blank line when reading mapping.
YAML error in 'Assets/Scripts/Class 3 - Movement and Camera Control/CursorControl/Scripts/CursorControl.dll.meta' - Unexpected empty content or blank line when reading mapping.
Refreshing native plugins compatible for Editor in 8.34 ms, found 3 plugins.
Preloading 0 native plugins for Editor in 0.00 ms.
Unloading 4523 Unused Serialized files (Serialized files now loaded: 0)
Unloading 59 unused Assets / (0.8 MB). Loaded Objects now: 5037.
Memory consumption went from 182.5 MB to 181.7 MB.
Total: 4.978400 ms (FindLiveObjects: 0.274200 ms CreateObjectMapping: 0.231600 ms MarkObjects: 4.183600 ms  DeleteObjects: 0.288000 ms)

Prepare: number of updated asset objects reloaded= 0
AssetImportParameters requested are different than current active one (requested -> active):
  custom:container-demuxer-ogg: 62fdf1f143b41e24485cea50d1cbac27 -> 
  custom:video-decoder-ogg-theora: a1e56fd34408186e4bbccfd4996cb3dc -> 
  custom:framework-win-MediaFoundation: 216162199b28c13a410421893ffa2e32 -> 
  custom:CustomObjectIndexerAttribute: 6d391050e5a25f67b0a2c618074f2cd9 -> 
  custom:container-demuxer-webm: 4f35f7cbe854078d1ac9338744f61a02 -> 
  custom:container-muxer-webm: aa71ff27fc2769a1b78a27578f13a17b -> 
  custom:video-decoder-webm-vp8: 9c59270c3fd7afecdb556c50c9e8de78 -> 
  custom:SearchIndexIgnoredProperties: e643bd26f0fe6173181afceb89e7c659 -> 
  custom:AudioImporter_EditorPlatform: d09bf68614088b80899f8185d706f6e7 -> 
  custom:video-encoder-webm-vp8: eb34c28f22e8b96e1ab97ce403110664 -> 
  custom:audio-decoder-ogg-vorbis: bf7c407c2cedff20999df2af8eb42d56 -> 
  custom:audio-encoder-webm-vorbis: bf7c407c2cedff20999df2af8eb42d56 -> 
========================================================================
Received Prepare
YAML error in 'Assets/Scripts/Class 3 - Movement and Camera Control/CursorControl/Scripts/CursorControl.dll.meta' - Unexpected empty content or blank line when reading mapping.
YAML error in 'Assets/Scripts/Class 3 - Movement and Camera Control/CursorControl/Scripts/CursorControl.dll.meta' - Unexpected empty content or blank line when reading mapping.
Begin MonoManager ReloadAssembly
YAML error in 'Assets/Scripts/Class 3 - Movement and Camera Control/CursorControl/Scripts/CursorControl.dll.meta' - Unexpected empty content or blank line when reading mapping.
YAML error in 'Assets/Scripts/Class 3 - Movement and Camera Control/CursorControl/Scripts/CursorControl.dll.meta' - Unexpected empty content or blank line when reading mapping.
YAML error in 'Assets/Scripts/Class 3 - Movement and Camera Control/CursorControl/Scripts/CursorControl.dll.meta' - Unexpected empty content or blank line when reading mapping.
UnityEngine.StackTraceUtility:ExtractStackTrace ()
UnityEditor.Scripting.ScriptCompilation.PrecompiledAssemblyProviderBase:GetAllPrecompiledAssembliesInternal ()
UnityEditor.Scripting.ScriptCompilation.PrecompiledAssemblyProvider:GetAllPrecompiledAssemblies ()
UnityEditor.AssemblyValidation:CheckAssemblyReferences (string[],UnityEditor.AssemblyValidation/Error[],Mono.Cecil.AssemblyDefinition[],System.Func`2<string, bool>)
UnityEditor.AssemblyValidation:ValidateAssemblyDefinitions (string[],Mono.Cecil.AssemblyDefinition[],System.Func`2<string, bool>)
UnityEditor.AssemblyValidation:ValidateAssemblies (string[],bool)

[C:\build\output\unity\unity\Runtime\Serialize\TransferFunctions\YAMLRead.h line 487]

YAML error in 'Assets/Scripts/Class 3 - Movement and Camera Control/CursorControl/Scripts/CursorControl.dll.meta' - Unexpected empty content or blank line when reading mapping.
UnityEngine.StackTraceUtility:ExtractStackTrace ()
UnityEditor.Scripting.ScriptCompilation.PrecompiledAssemblyProviderBase:GetAllPrecompiledAssembliesInternal ()
UnityEditor.Scripting.ScriptCompilation.PrecompiledAssemblyProvider:GetAllPrecompiledAssemblies ()
UnityEditor.AssemblyValidation:CheckAssemblyReferences (string[],UnityEditor.AssemblyValidation/Error[],Mono.Cecil.AssemblyDefinition[],System.Func`2<string, bool>)
UnityEditor.AssemblyValidation:ValidateAssemblyDefinitions (string[],Mono.Cecil.AssemblyDefinition[],System.Func`2<string, bool>)
UnityEditor.AssemblyValidation:ValidateAssemblies (string[],bool)

[C:\build\output\unity\unity\Runtime\Serialize\TransferFunctions\YAMLRead.h line 487]

Symbol file LoadedFromMemory is not a mono symbol file
- Loaded All Assemblies, in  0.372 seconds
YAML error in 'Assets/Scripts/Class 3 - Movement and Camera Control/CursorControl/Scripts/CursorControl.dll.meta' - Unexpected empty content or blank line when reading mapping.
YAML error in 'Assets/Scripts/Class 3 - Movement and Camera Control/CursorControl/Scripts/CursorControl.dll.meta' - Unexpected empty content or blank line when reading mapping.
Refreshing native plugins compatible for Editor in 7.43 ms, found 3 plugins.
Native extension for WindowsStandalone target not found
[Package Manager] Server::EnsureServerProcessIsRunning -- launch failed, reason: Unity was launched with the -noUpm command-line argument
[Package Manager] UpmClient::Send -- Unable to send message (not connected to UPM process).
[Package Manager] Cannot connect to Unity Package Manager local server
Mono: successfully reloaded assembly
- Finished resetting the current domain, in  0.895 seconds
Domain Reload Profiling: 1265ms
	BeginReloadAssembly (126ms)
		ExecutionOrderSort (0ms)
		DisableScriptedObjects (5ms)
		BackupInstance (0ms)
		ReleaseScriptingObjects (0ms)
		CreateAndSetChildDomain (36ms)
	RebuildCommonClasses (22ms)
	RebuildNativeTypeToScriptingClass (8ms)
	initialDomainReloadingComplete (22ms)
	LoadAllAssembliesAndSetupDomain (192ms)
		LoadAssemblies (238ms)
		RebuildTransferFunctionScriptingTraits (0ms)
		AnalyzeDomain (11ms)
			TypeCache.Refresh (5ms)
				TypeCache.ScanAssembly (0ms)
			ScanForSourceGeneratedMonoScriptInfo (0ms)
			ResolveRequiredComponents (4ms)
	FinalizeReload (896ms)
		ReleaseScriptCaches (0ms)
		RebuildScriptCaches (0ms)
		SetupLoadedEditorAssemblies (445ms)
			LogAssemblyErrors (0ms)
			InitializePlatformSupportModulesInManaged (5ms)
			SetLoadedEditorAssemblies (4ms)
			RefreshPlugins (0ms)
			BeforeProcessingInitializeOnLoad (65ms)
			ProcessInitializeOnLoadAttributes (246ms)
			ProcessInitializeOnLoadMethodAttributes (119ms)
			AfterProcessingInitializeOnLoad (5ms)
			EditorAssembliesLoaded (0ms)
		ExecutionOrderSort2 (0ms)
		AwakeInstancesAfterBackupRestoration (5ms)
YAML error in 'Assets/Scripts/Class 3 - Movement and Camera Control/CursorControl/Scripts/CursorControl.dll.meta' - Unexpected empty content or blank line when reading mapping.
YAML error in 'Assets/Scripts/Class 3 - Movement and Camera Control/CursorControl/Scripts/CursorControl.dll.meta' - Unexpected empty content or blank line when reading mapping.
Refreshing native plugins compatible for Editor in 9.31 ms, found 3 plugins.
Preloading 0 native plugins for Editor in 0.00 ms.
Unloading 4523 Unused Serialized files (Serialized files now loaded: 0)
Unloading 59 unused Assets / (0.8 MB). Loaded Objects now: 5040.
Memory consumption went from 184.5 MB to 183.7 MB.
Total: 5.425400 ms (FindLiveObjects: 0.274400 ms CreateObjectMapping: 0.154000 ms MarkObjects: 4.724700 ms  DeleteObjects: 0.271300 ms)

Prepare: number of updated asset objects reloaded= 0
AssetImportParameters requested are different than current active one (requested -> active):
  custom:container-demuxer-ogg: 62fdf1f143b41e24485cea50d1cbac27 -> 
  custom:video-decoder-ogg-theora: a1e56fd34408186e4bbccfd4996cb3dc -> 
  custom:framework-win-MediaFoundation: 216162199b28c13a410421893ffa2e32 -> 
  custom:CustomObjectIndexerAttribute: 6d391050e5a25f67b0a2c618074f2cd9 -> 
  custom:container-demuxer-webm: 4f35f7cbe854078d1ac9338744f61a02 -> 
  custom:container-muxer-webm: aa71ff27fc2769a1b78a27578f13a17b -> 
  custom:video-decoder-webm-vp8: 9c59270c3fd7afecdb556c50c9e8de78 -> 
  custom:SearchIndexIgnoredProperties: e643bd26f0fe6173181afceb89e7c659 -> 
  custom:AudioImporter_EditorPlatform: d09bf68614088b80899f8185d706f6e7 -> 
  custom:video-encoder-webm-vp8: eb34c28f22e8b96e1ab97ce403110664 -> 
  custom:audio-decoder-ogg-vorbis: bf7c407c2cedff20999df2af8eb42d56 -> 
  custom:audio-encoder-webm-vorbis: bf7c407c2cedff20999df2af8eb42d56 -> 
========================================================================
Received Import Request.
  Time since last request: 1187.886020 seconds.
  path: Assets/Prefabs/Fire Breath Combat Interface.prefab
  artifactKey: Guid(87a191b4e31a0804e9ba5f03daed84e7) Importer(815301076,1909f56bfc062723c751e8b465ee728b)
Start importing Assets/Prefabs/Fire Breath Combat Interface.prefab using Guid(87a191b4e31a0804e9ba5f03daed84e7) Importer(815301076,1909f56bfc062723c751e8b465ee728b)  -> (artifact id: '3acf7ed3abaeb4a121a8f01d9ae4ff87') in 0.107981 seconds
Number of updated asset objects reloaded before import = 0
Number of asset objects unloaded after import = 11
