Using pre-set license
Built from '2022.3/staging' branch; Version is '2022.3.17f1 (4fc78088f837) revision 5228416'; Using compiler version '192829333'; Build Type 'Release'
OS: 'Windows 11  (10.0.22631) 64bit Core' Language: 'en' Physical Memory: 32573 MB
BatchMode: 1, IsHumanControllingUs: 0, StartBugReporterOnCrash: 0, Is64bit: 1, IsPro: 1

COMMAND LINE ARGUMENTS:
C:\Program Files\Unity\Hub\Editor\2022.3.17f1\Editor\Unity.exe
-adb2
-batchMode
-noUpm
-name
AssetImportWorker11
-projectPath
C:/Users/oksan/Documents/Unity/Runner/RunnerGame
-logFile
Logs/AssetImportWorker11.log
-srvPort
61121
Successfully changed project path to: C:/Users/oksan/Documents/Unity/Runner/RunnerGame
C:/Users/oksan/Documents/Unity/Runner/RunnerGame
[UnityMemory] Configuration Parameters - Can be set up in boot.config
    "memorysetup-bucket-allocator-granularity=16"
    "memorysetup-bucket-allocator-bucket-count=8"
    "memorysetup-bucket-allocator-block-size=33554432"
    "memorysetup-bucket-allocator-block-count=8"
    "memorysetup-main-allocator-block-size=16777216"
    "memorysetup-thread-allocator-block-size=16777216"
    "memorysetup-gfx-main-allocator-block-size=16777216"
    "memorysetup-gfx-thread-allocator-block-size=16777216"
    "memorysetup-cache-allocator-block-size=4194304"
    "memorysetup-typetree-allocator-block-size=2097152"
    "memorysetup-profiler-bucket-allocator-granularity=16"
    "memorysetup-profiler-bucket-allocator-bucket-count=8"
    "memorysetup-profiler-bucket-allocator-block-size=33554432"
    "memorysetup-profiler-bucket-allocator-block-count=8"
    "memorysetup-profiler-allocator-block-size=16777216"
    "memorysetup-profiler-editor-allocator-block-size=1048576"
    "memorysetup-temp-allocator-size-main=16777216"
    "memorysetup-job-temp-allocator-block-size=2097152"
    "memorysetup-job-temp-allocator-block-size-background=1048576"
    "memorysetup-job-temp-allocator-reduction-small-platforms=262144"
    "memorysetup-allocator-temp-initial-block-size-main=262144"
    "memorysetup-allocator-temp-initial-block-size-worker=262144"
    "memorysetup-temp-allocator-size-background-worker=32768"
    "memorysetup-temp-allocator-size-job-worker=262144"
    "memorysetup-temp-allocator-size-preload-manager=33554432"
    "memorysetup-temp-allocator-size-nav-mesh-worker=65536"
    "memorysetup-temp-allocator-size-audio-worker=65536"
    "memorysetup-temp-allocator-size-cloud-worker=32768"
    "memorysetup-temp-allocator-size-gi-baking-worker=262144"
    "memorysetup-temp-allocator-size-gfx=262144"
Player connection [33644] Host "[IP] 192.168.4.31 [Port] 0 [Flags] 2 [Guid] 2873927718 [EditorId] 2873927718 [Version] 1048832 [Id] WindowsEditor(7,GameDev) [Debug] 1 [PackageName] WindowsEditor [ProjectName] Editor" joined multi-casting on [225.0.0.222:54997]...

Player connection [33644] Host "[IP] 192.168.4.31 [Port] 0 [Flags] 2 [Guid] 2873927718 [EditorId] 2873927718 [Version] 1048832 [Id] WindowsEditor(7,GameDev) [Debug] 1 [PackageName] WindowsEditor [ProjectName] Editor" joined alternative multi-casting on [225.0.0.222:34997]...

[Physics::Module] Initialized MultithreadedJobDispatcher with 15 workers.
YAML error in 'Assets/Scripts/Class 3 - Movement and Camera Control/CursorControl/Scripts/CursorControl.dll.meta' - Unexpected empty content or blank line when reading mapping.
YAML error in 'Assets/Scripts/Class 3 - Movement and Camera Control/CursorControl/Scripts/CursorControl.dll.meta' - Unexpected empty content or blank line when reading mapping.
Refreshing native plugins compatible for Editor in 17.28 ms, found 3 plugins.
Preloading 0 native plugins for Editor in 0.00 ms.
Initialize engine version: 2022.3.17f1 (4fc78088f837)
[Subsystems] Discovering subsystems at path C:/Program Files/Unity/Hub/Editor/2022.3.17f1/Editor/Data/Resources/UnitySubsystems
[Subsystems] Discovering subsystems at path C:/Users/oksan/Documents/Unity/Runner/RunnerGame/Assets
GfxDevice: creating device client; threaded=0; jobified=0
Direct3D:
    Version:  Direct3D 11.0 [level 11.1]
    Renderer: NVIDIA GeForce RTX 3080 (ID=0x2216)
    Vendor:   NVIDIA
    VRAM:     10067 MB
    Driver:   31.0.15.4584
Initialize mono
Mono path[0] = 'C:/Program Files/Unity/Hub/Editor/2022.3.17f1/Editor/Data/Managed'
Mono path[1] = 'C:/Program Files/Unity/Hub/Editor/2022.3.17f1/Editor/Data/MonoBleedingEdge/lib/mono/unityjit-win32'
Mono config path = 'C:/Program Files/Unity/Hub/Editor/2022.3.17f1/Editor/Data/MonoBleedingEdge/etc'
Using monoOptions --debugger-agent=transport=dt_socket,embedding=1,server=y,suspend=n,address=127.0.0.1:56808
Begin MonoManager ReloadAssembly
Registering precompiled unity dll's ...
Register platform support module: C:/Program Files/Unity/Hub/Editor/2022.3.17f1/Editor/Data/PlaybackEngines/WindowsStandaloneSupport/UnityEditor.WindowsStandalone.Extensions.dll
Registered in 0.006116 seconds.
- Loaded All Assemblies, in  0.345 seconds
Native extension for WindowsStandalone target not found
Mono: successfully reloaded assembly
- Finished resetting the current domain, in  0.221 seconds
Domain Reload Profiling: 565ms
	BeginReloadAssembly (125ms)
		ExecutionOrderSort (0ms)
		DisableScriptedObjects (0ms)
		BackupInstance (0ms)
		ReleaseScriptingObjects (0ms)
		CreateAndSetChildDomain (1ms)
	RebuildCommonClasses (31ms)
	RebuildNativeTypeToScriptingClass (8ms)
	initialDomainReloadingComplete (47ms)
	LoadAllAssembliesAndSetupDomain (133ms)
		LoadAssemblies (123ms)
		RebuildTransferFunctionScriptingTraits (0ms)
		AnalyzeDomain (131ms)
			TypeCache.Refresh (130ms)
				TypeCache.ScanAssembly (120ms)
			ScanForSourceGeneratedMonoScriptInfo (0ms)
			ResolveRequiredComponents (0ms)
	FinalizeReload (222ms)
		ReleaseScriptCaches (0ms)
		RebuildScriptCaches (0ms)
		SetupLoadedEditorAssemblies (178ms)
			LogAssemblyErrors (0ms)
			InitializePlatformSupportModulesInManaged (7ms)
			SetLoadedEditorAssemblies (6ms)
			RefreshPlugins (0ms)
			BeforeProcessingInitializeOnLoad (2ms)
			ProcessInitializeOnLoadAttributes (127ms)
			ProcessInitializeOnLoadMethodAttributes (37ms)
			AfterProcessingInitializeOnLoad (0ms)
			EditorAssembliesLoaded (0ms)
		ExecutionOrderSort2 (0ms)
		AwakeInstancesAfterBackupRestoration (0ms)
YAML error in 'Assets/Scripts/Class 3 - Movement and Camera Control/CursorControl/Scripts/CursorControl.dll.meta' - Unexpected empty content or blank line when reading mapping.
YAML error in 'Assets/Scripts/Class 3 - Movement and Camera Control/CursorControl/Scripts/CursorControl.dll.meta' - Unexpected empty content or blank line when reading mapping.
========================================================================
Worker process is ready to serve import requests
Begin MonoManager ReloadAssembly
YAML error in 'Assets/Scripts/Class 3 - Movement and Camera Control/CursorControl/Scripts/CursorControl.dll.meta' - Unexpected empty content or blank line when reading mapping.
YAML error in 'Assets/Scripts/Class 3 - Movement and Camera Control/CursorControl/Scripts/CursorControl.dll.meta' - Unexpected empty content or blank line when reading mapping.
YAML error in 'Assets/Scripts/Class 3 - Movement and Camera Control/CursorControl/Scripts/CursorControl.dll.meta' - Unexpected empty content or blank line when reading mapping.
UnityEngine.StackTraceUtility:ExtractStackTrace ()
UnityEditor.Scripting.ScriptCompilation.PrecompiledAssemblyProviderBase:GetAllPrecompiledAssembliesInternal ()
UnityEditor.Scripting.ScriptCompilation.PrecompiledAssemblyProvider:GetAllPrecompiledAssemblies ()
UnityEditor.AssemblyValidation:CheckAssemblyReferences (string[],UnityEditor.AssemblyValidation/Error[],Mono.Cecil.AssemblyDefinition[],System.Func`2<string, bool>)
UnityEditor.AssemblyValidation:ValidateAssemblyDefinitions (string[],Mono.Cecil.AssemblyDefinition[],System.Func`2<string, bool>)
UnityEditor.AssemblyValidation:ValidateAssemblies (string[],bool)

[C:\build\output\unity\unity\Runtime\Serialize\TransferFunctions\YAMLRead.h line 487]

YAML error in 'Assets/Scripts/Class 3 - Movement and Camera Control/CursorControl/Scripts/CursorControl.dll.meta' - Unexpected empty content or blank line when reading mapping.
UnityEngine.StackTraceUtility:ExtractStackTrace ()
UnityEditor.Scripting.ScriptCompilation.PrecompiledAssemblyProviderBase:GetAllPrecompiledAssembliesInternal ()
UnityEditor.Scripting.ScriptCompilation.PrecompiledAssemblyProvider:GetAllPrecompiledAssemblies ()
UnityEditor.AssemblyValidation:CheckAssemblyReferences (string[],UnityEditor.AssemblyValidation/Error[],Mono.Cecil.AssemblyDefinition[],System.Func`2<string, bool>)
UnityEditor.AssemblyValidation:ValidateAssemblyDefinitions (string[],Mono.Cecil.AssemblyDefinition[],System.Func`2<string, bool>)
UnityEditor.AssemblyValidation:ValidateAssemblies (string[],bool)

[C:\build\output\unity\unity\Runtime\Serialize\TransferFunctions\YAMLRead.h line 487]

Symbol file LoadedFromMemory is not a mono symbol file
- Loaded All Assemblies, in  0.723 seconds
YAML error in 'Assets/Scripts/Class 3 - Movement and Camera Control/CursorControl/Scripts/CursorControl.dll.meta' - Unexpected empty content or blank line when reading mapping.
YAML error in 'Assets/Scripts/Class 3 - Movement and Camera Control/CursorControl/Scripts/CursorControl.dll.meta' - Unexpected empty content or blank line when reading mapping.
Refreshing native plugins compatible for Editor in 6.93 ms, found 3 plugins.
Native extension for WindowsStandalone target not found
Package Manager log level set to [2]
[Package Manager] Server::EnsureServerProcessIsRunning -- launch failed, reason: Unity was launched with the -noUpm command-line argument
[Package Manager] UpmClient::Send -- Unable to send message (not connected to UPM process).
[Package Manager] Cannot connect to Unity Package Manager local server
Mono: successfully reloaded assembly
- Finished resetting the current domain, in  0.626 seconds
Domain Reload Profiling: 1344ms
	BeginReloadAssembly (120ms)
		ExecutionOrderSort (0ms)
		DisableScriptedObjects (4ms)
		BackupInstance (0ms)
		ReleaseScriptingObjects (0ms)
		CreateAndSetChildDomain (18ms)
	RebuildCommonClasses (25ms)
	RebuildNativeTypeToScriptingClass (8ms)
	initialDomainReloadingComplete (39ms)
	LoadAllAssembliesAndSetupDomain (525ms)
		LoadAssemblies (359ms)
		RebuildTransferFunctionScriptingTraits (0ms)
		AnalyzeDomain (236ms)
			TypeCache.Refresh (205ms)
				TypeCache.ScanAssembly (182ms)
			ScanForSourceGeneratedMonoScriptInfo (25ms)
			ResolveRequiredComponents (6ms)
	FinalizeReload (627ms)
		ReleaseScriptCaches (0ms)
		RebuildScriptCaches (0ms)
		SetupLoadedEditorAssemblies (498ms)
			LogAssemblyErrors (0ms)
			InitializePlatformSupportModulesInManaged (5ms)
			SetLoadedEditorAssemblies (3ms)
			RefreshPlugins (0ms)
			BeforeProcessingInitializeOnLoad (61ms)
			ProcessInitializeOnLoadAttributes (282ms)
			ProcessInitializeOnLoadMethodAttributes (140ms)
			AfterProcessingInitializeOnLoad (7ms)
			EditorAssembliesLoaded (0ms)
		ExecutionOrderSort2 (0ms)
		AwakeInstancesAfterBackupRestoration (6ms)
Launched and connected shader compiler UnityShaderCompiler.exe after 0.04 seconds
YAML error in 'Assets/Scripts/Class 3 - Movement and Camera Control/CursorControl/Scripts/CursorControl.dll.meta' - Unexpected empty content or blank line when reading mapping.
YAML error in 'Assets/Scripts/Class 3 - Movement and Camera Control/CursorControl/Scripts/CursorControl.dll.meta' - Unexpected empty content or blank line when reading mapping.
Refreshing native plugins compatible for Editor in 13.73 ms, found 3 plugins.
Preloading 0 native plugins for Editor in 0.00 ms.
Unloading 4564 Unused Serialized files (Serialized files now loaded: 0)
Unloading 71 unused Assets / (0.8 MB). Loaded Objects now: 5023.
Memory consumption went from 183.5 MB to 182.7 MB.
Total: 9.492600 ms (FindLiveObjects: 0.351900 ms CreateObjectMapping: 0.196700 ms MarkObjects: 8.385400 ms  DeleteObjects: 0.556600 ms)

AssetImportParameters requested are different than current active one (requested -> active):
  custom:container-demuxer-ogg: 62fdf1f143b41e24485cea50d1cbac27 -> 
  custom:video-decoder-ogg-theora: a1e56fd34408186e4bbccfd4996cb3dc -> 
  custom:framework-win-MediaFoundation: 216162199b28c13a410421893ffa2e32 -> 
  custom:CustomObjectIndexerAttribute: 6d391050e5a25f67b0a2c618074f2cd9 -> 
  custom:container-demuxer-webm: 4f35f7cbe854078d1ac9338744f61a02 -> 
  custom:container-muxer-webm: aa71ff27fc2769a1b78a27578f13a17b -> 
  custom:video-decoder-webm-vp8: 9c59270c3fd7afecdb556c50c9e8de78 -> 
  custom:SearchIndexIgnoredProperties: e643bd26f0fe6173181afceb89e7c659 -> 
  custom:AudioImporter_EditorPlatform: d09bf68614088b80899f8185d706f6e7 -> 
  custom:video-encoder-webm-vp8: eb34c28f22e8b96e1ab97ce403110664 -> 
  custom:audio-decoder-ogg-vorbis: bf7c407c2cedff20999df2af8eb42d56 -> 
  custom:audio-encoder-webm-vorbis: bf7c407c2cedff20999df2af8eb42d56 -> 
========================================================================
Received Import Request.
  Time since last request: 167122.562403 seconds.
  path: Assets/CasualGameSounds/DM-CGS-44.wav
  artifactKey: Guid(b43d102aac6b145468dcaa94a5cccae1) Importer(815301076,1909f56bfc062723c751e8b465ee728b)
Start importing Assets/CasualGameSounds/DM-CGS-44.wav using Guid(b43d102aac6b145468dcaa94a5cccae1) Importer(815301076,1909f56bfc062723c751e8b465ee728b)  -> (artifact id: 'fc62bb0bb27d81d0067d3d4207a5535a') in 0.079869 seconds
Number of updated asset objects reloaded before import = 0
Number of asset objects unloaded after import = 2
Editor requested this worker to shutdown with reason: Scaling down because of idle timeout
TcpMessagingSession - receive error: operation aborted. errorcode: 995, details: The I/O operation has been aborted because of either a thread exit or an application request.
AssetImportWorker is now disconnected from the server
Process exiting
Exiting without the bug reporter. Application will terminate with return code 0